[debug] [2025-07-17T06:53:43.594Z] ----------------------------------------------------------------------
[debug] [2025-07-17T06:53:43.805Z] Command:       /usr/local/share/nvm/versions/node/v20.12.1/bin/node /home/codespace/nvm/current/bin/firebase deploy --only functions:setAdminBaseManually
[debug] [2025-07-17T06:53:43.806Z] CLI Version:   14.10.1
[debug] [2025-07-17T06:53:43.806Z] Platform:      linux
[debug] [2025-07-17T06:53:43.806Z] Node Version:  v20.12.1
[debug] [2025-07-17T06:53:43.806Z] Time:          Thu Jul 17 2025 06:53:43 GMT+0000 (Coordinated Universal Time)
[debug] [2025-07-17T06:53:43.806Z] ----------------------------------------------------------------------
[debug] 
[debug] [2025-07-17T06:53:43.807Z] >>> [apiv2][query] GET https://firebase-public.firebaseio.com/cli.json [none]
[debug] [2025-07-17T06:53:44.056Z] > command requires scopes: ["email","openid","https://www.googleapis.com/auth/cloudplatformprojects.readonly","https://www.googleapis.com/auth/firebase","https://www.googleapis.com/auth/cloud-platform"]
[debug] [2025-07-17T06:53:44.056Z] > authorizing via signed-in user (sharmakaran7910929@gmail.com)
[debug] [2025-07-17T06:53:44.057Z] [iam] checking project expense-a4a50 for permissions ["cloudfunctions.functions.create","cloudfunctions.functions.delete","cloudfunctions.functions.get","cloudfunctions.functions.list","cloudfunctions.functions.update","cloudfunctions.operations.get","firebase.projects.get"]
[debug] [2025-07-17T06:53:44.057Z] Checked if tokens are valid: false, expires at: 1752668827566
[debug] [2025-07-17T06:53:44.057Z] Checked if tokens are valid: false, expires at: 1752668827566
[debug] [2025-07-17T06:53:44.057Z] > refreshing access token with scopes: []
[debug] [2025-07-17T06:53:44.058Z] >>> [apiv2][query] POST https://www.googleapis.com/oauth2/v3/token [none]
[debug] [2025-07-17T06:53:44.058Z] >>> [apiv2][body] POST https://www.googleapis.com/oauth2/v3/token [omitted]
[debug] [2025-07-17T06:53:44.114Z] <<< [apiv2][status] GET https://firebase-public.firebaseio.com/cli.json 200
[debug] [2025-07-17T06:53:44.115Z] <<< [apiv2][body] GET https://firebase-public.firebaseio.com/cli.json {"cloudBuildErrorAfter":1594252800000,"cloudBuildWarnAfter":1590019200000,"defaultNode10After":1594252800000,"minVersion":"3.0.5","node8DeploysDisabledAfter":1613390400000,"node8RuntimeDisabledAfter":1615809600000,"node8WarnAfter":1600128000000}
[debug] [2025-07-17T06:53:44.163Z] <<< [apiv2][status] POST https://www.googleapis.com/oauth2/v3/token 200
[debug] [2025-07-17T06:53:44.163Z] <<< [apiv2][body] POST https://www.googleapis.com/oauth2/v3/token [omitted]
[debug] [2025-07-17T06:53:44.168Z] >>> [apiv2][query] POST https://cloudresourcemanager.googleapis.com/v1/projects/expense-a4a50:testIamPermissions [none]
[debug] [2025-07-17T06:53:44.169Z] >>> [apiv2][(partial)header] POST https://cloudresourcemanager.googleapis.com/v1/projects/expense-a4a50:testIamPermissions x-goog-quota-user=projects/expense-a4a50
[debug] [2025-07-17T06:53:44.169Z] >>> [apiv2][body] POST https://cloudresourcemanager.googleapis.com/v1/projects/expense-a4a50:testIamPermissions {"permissions":["cloudfunctions.functions.create","cloudfunctions.functions.delete","cloudfunctions.functions.get","cloudfunctions.functions.list","cloudfunctions.functions.update","cloudfunctions.operations.get","firebase.projects.get"]}
[debug] [2025-07-17T06:53:44.244Z] <<< [apiv2][status] POST https://cloudresourcemanager.googleapis.com/v1/projects/expense-a4a50:testIamPermissions 200
[debug] [2025-07-17T06:53:44.245Z] <<< [apiv2][body] POST https://cloudresourcemanager.googleapis.com/v1/projects/expense-a4a50:testIamPermissions {"permissions":["cloudfunctions.functions.create","cloudfunctions.functions.delete","cloudfunctions.functions.get","cloudfunctions.functions.list","cloudfunctions.functions.update","cloudfunctions.operations.get","firebase.projects.get"]}
[debug] [2025-07-17T06:53:44.245Z] Checked if tokens are valid: true, expires at: 1752738823163
[debug] [2025-07-17T06:53:44.245Z] Checked if tokens are valid: true, expires at: 1752738823163
[debug] [2025-07-17T06:53:44.245Z] >>> [apiv2][query] POST https://iam.googleapis.com/v1/projects/expense-a4a50/serviceAccounts/expense-a4a50@appspot.gserviceaccount.com:testIamPermissions [none]
[debug] [2025-07-17T06:53:44.245Z] >>> [apiv2][body] POST https://iam.googleapis.com/v1/projects/expense-a4a50/serviceAccounts/expense-a4a50@appspot.gserviceaccount.com:testIamPermissions {"permissions":["iam.serviceAccounts.actAs"]}
[debug] [2025-07-17T06:53:44.352Z] <<< [apiv2][status] POST https://iam.googleapis.com/v1/projects/expense-a4a50/serviceAccounts/expense-a4a50@appspot.gserviceaccount.com:testIamPermissions 200
[debug] [2025-07-17T06:53:44.352Z] <<< [apiv2][body] POST https://iam.googleapis.com/v1/projects/expense-a4a50/serviceAccounts/expense-a4a50@appspot.gserviceaccount.com:testIamPermissions {"permissions":["iam.serviceAccounts.actAs"]}
[info] 
[info] === Deploying to 'expense-a4a50'...
[info] 
[info] i  deploying functions 
[debug] [2025-07-17T06:53:44.354Z] Checked if tokens are valid: true, expires at: 1752738823163
[debug] [2025-07-17T06:53:44.354Z] Checked if tokens are valid: true, expires at: 1752738823163
[debug] [2025-07-17T06:53:44.354Z] >>> [apiv2][query] GET https://cloudresourcemanager.googleapis.com/v1/projects/expense-a4a50 [none]
[debug] [2025-07-17T06:53:44.414Z] <<< [apiv2][status] GET https://cloudresourcemanager.googleapis.com/v1/projects/expense-a4a50 200
[debug] [2025-07-17T06:53:44.414Z] <<< [apiv2][body] GET https://cloudresourcemanager.googleapis.com/v1/projects/expense-a4a50 {"projectNumber":"558048247089","projectId":"expense-a4a50","lifecycleState":"ACTIVE","name":"Expense","labels":{"firebase":"enabled","firebase-core":"disabled"},"createTime":"2025-07-01T11:36:45.156698Z"}
[info] i  functions: preparing codebase default for deployment 
[info] i  functions: ensuring required API cloudfunctions.googleapis.com is enabled... 
[info] i  functions: ensuring required API cloudbuild.googleapis.com is enabled... 
[info] i  artifactregistry: ensuring required API artifactregistry.googleapis.com is enabled... 
[debug] [2025-07-17T06:53:44.416Z] Checked if tokens are valid: true, expires at: 1752738823163
[debug] [2025-07-17T06:53:44.416Z] Checked if tokens are valid: true, expires at: 1752738823163
[debug] [2025-07-17T06:53:44.416Z] >>> [apiv2][query] GET https://firebase.googleapis.com/v1beta1/projects/expense-a4a50/adminSdkConfig [none]
[debug] [2025-07-17T06:53:44.555Z] <<< [apiv2][status] GET https://firebase.googleapis.com/v1beta1/projects/expense-a4a50/adminSdkConfig 200
[debug] [2025-07-17T06:53:44.555Z] <<< [apiv2][body] GET https://firebase.googleapis.com/v1beta1/projects/expense-a4a50/adminSdkConfig {"projectId":"expense-a4a50","storageBucket":"expense-a4a50.firebasestorage.app"}
[debug] [2025-07-17T06:53:44.556Z] Checked if tokens are valid: true, expires at: 1752738823163
[debug] [2025-07-17T06:53:44.556Z] Checked if tokens are valid: true, expires at: 1752738823163
[debug] [2025-07-17T06:53:44.556Z] >>> [apiv2][query] GET https://runtimeconfig.googleapis.com/v1beta1/projects/expense-a4a50/configs [none]
[debug] [2025-07-17T06:53:44.687Z] <<< [apiv2][status] GET https://runtimeconfig.googleapis.com/v1beta1/projects/expense-a4a50/configs 200
[debug] [2025-07-17T06:53:44.687Z] <<< [apiv2][body] GET https://runtimeconfig.googleapis.com/v1beta1/projects/expense-a4a50/configs {}
[debug] [2025-07-17T06:53:44.688Z] Validating nodejs source
[warn] ⚠  functions: package.json indicates an outdated version of firebase-functions. Please upgrade using npm install --save firebase-functions@latest in your functions directory. 
[warn] ⚠  functions: Please note that there will be breaking changes when you upgrade. 
[debug] [2025-07-17T06:53:45.136Z] > [functions] package.json contents: {
  "name": "functions",
  "description": "Cloud Functions for Firebase",
  "scripts": {
    "serve": "firebase emulators:start --only functions",
    "shell": "firebase functions:shell",
    "start": "npm run shell",
    "deploy": "firebase deploy --only functions",
    "logs": "firebase functions:log"
  },
  "engines": {
    "node": "20"
  },
  "main": "index.js",
  "dependencies": {
    "firebase-admin": "^11.11.1",
    "firebase-functions": "^4.9.0"
  },
  "devDependencies": {
    "firebase-functions-test": "^3.1.0"
  },
  "private": true
}
[debug] [2025-07-17T06:53:45.136Z] Building nodejs source
[info] i  functions: Loading and analyzing source code for codebase default to determine what to deploy 
[info] i  functions: You are using a version of firebase-functions SDK (4.9.0) that does not have support for the newest Firebase Extensions features. Please update firebase-functions SDK to >=5.1.0 to use them correctly 
[debug] [2025-07-17T06:53:45.137Z] Could not find functions.yaml. Must use http discovery
[debug] [2025-07-17T06:53:45.143Z] Found firebase-functions binary at '/project/workspace/functions/node_modules/.bin/firebase-functions'
[info] Serving at port 8403

[debug] [2025-07-17T06:53:45.533Z] Got response from /__/functions.yaml {"endpoints":{"setAdminBaseManually":{"platform":"gcfv1","labels":{},"availableMemoryMb":256,"timeoutSeconds":60,"minInstances":null,"maxInstances":null,"ingressSettings":null,"serviceAccountEmail":null,"vpc":null,"callableTrigger":{},"entryPoint":"setAdminBaseManually"},"autoGrantBaseAdmin":{"platform":"gcfv1","availableMemoryMb":256,"timeoutSeconds":60,"minInstances":null,"maxInstances":null,"ingressSettings":null,"serviceAccountEmail":null,"vpc":null,"eventTrigger":{"eventType":"providers/firebase.auth/eventTypes/user.create","eventFilters":{"resource":"projects/expense-a4a50"},"retry":false},"labels":{},"entryPoint":"autoGrantBaseAdmin"},"listUsers":{"platform":"gcfv1","labels":{},"availableMemoryMb":256,"timeoutSeconds":60,"minInstances":null,"maxInstances":null,"ingressSettings":null,"serviceAccountEmail":null,"vpc":null,"callableTrigger":{},"entryPoint":"listUsers"},"deleteUserByIdV1":{"platform":"gcfv1","labels":{},"availableMemoryMb":256,"timeoutSeconds":60,"minInstances":null,"maxInstances":null,"ingressSettings":null,"serviceAccountEmail":null,"vpc":null,"callableTrigger":{},"entryPoint":"deleteUserByIdV1"},"blockUserByIdV1":{"platform":"gcfv1","labels":{},"availableMemoryMb":256,"timeoutSeconds":60,"minInstances":null,"maxInstances":null,"ingressSettings":null,"serviceAccountEmail":null,"vpc":null,"callableTrigger":{},"entryPoint":"blockUserByIdV1"}},"specVersion":"v1alpha1","requiredAPIs":[]}
[info] i  functions: preparing functions directory for uploading... 
[info] i  functions: packaged /project/workspace/functions (75.35 KB) for uploading 
[debug] [2025-07-17T06:53:50.583Z] Checked if tokens are valid: true, expires at: 1752738823163
[debug] [2025-07-17T06:53:50.583Z] Checked if tokens are valid: true, expires at: 1752738823163
[debug] [2025-07-17T06:53:50.583Z] >>> [apiv2][query] GET https://cloudfunctions.googleapis.com/v1/projects/expense-a4a50/locations/-/functions [none]
[debug] [2025-07-17T06:53:51.115Z] <<< [apiv2][status] GET https://cloudfunctions.googleapis.com/v1/projects/expense-a4a50/locations/-/functions 200
[debug] [2025-07-17T06:53:51.116Z] <<< [apiv2][body] GET https://cloudfunctions.googleapis.com/v1/projects/expense-a4a50/locations/-/functions {"functions":[{"name":"projects/expense-a4a50/locations/us-central1/functions/deleteUserByIdV1","httpsTrigger":{"url":"https://us-central1-expense-a4a50.cloudfunctions.net/deleteUserByIdV1","securityLevel":"SECURE_ALWAYS"},"status":"ACTIVE","entryPoint":"deleteUserByIdV1","timeout":"60s","availableMemoryMb":256,"serviceAccountEmail":"expense-a4a50@appspot.gserviceaccount.com","updateTime":"2025-07-13T09:04:52.269Z","versionId":"2","labels":{"deployment-tool":"cli-firebase","deployment-callable":"true","firebase-functions-hash":"c52d2a4fefac60fbf4e5c950aac5fac2b4a57ae3"},"sourceUploadUrl":"https://storage.googleapis.com/uploads-491507907536.us-central1.cloudfunctions.appspot.com/e891f645-34e5-4531-aa5e-f8747c50f466.zip","environmentVariables":{"FIREBASE_CONFIG":"{\"projectId\":\"expense-a4a50\",\"storageBucket\":\"expense-a4a50.firebasestorage.app\"}","GCLOUD_PROJECT":"expense-a4a50","EVENTARC_CLOUD_EVENT_SOURCE":"projects/expense-a4a50/locations/us-central1/functions/deleteUserByIdV1"},"runtime":"nodejs20","ingressSettings":"ALLOW_ALL","buildId":"04e00cd0-c9f9-4525-9410-615a231b7666","buildEnvironmentVariables":{"GOOGLE_NODE_RUN_SCRIPTS":""},"buildName":"projects/558048247089/locations/us-central1/builds/04e00cd0-c9f9-4525-9410-615a231b7666","dockerRegistry":"ARTIFACT_REGISTRY","automaticUpdatePolicy":{},"buildServiceAccount":"projects/expense-a4a50/serviceAccounts/558048247089-compute@developer.gserviceaccount.com","satisfiesPzi":true},{"name":"projects/expense-a4a50/locations/us-central1/functions/blockUserByIdV1","httpsTrigger":{"url":"https://us-central1-expense-a4a50.cloudfunctions.net/blockUserByIdV1","securityLevel":"SECURE_ALWAYS"},"status":"ACTIVE","entryPoint":"blockUserByIdV1","timeout":"60s","availableMemoryMb":256,"serviceAccountEmail":"expense-a4a50@appspot.gserviceaccount.com","updateTime":"2025-07-13T09:04:47.128Z","versionId":"2","labels":{"deployment-tool":"cli-firebase","deployment-callable":"true","firebase-functions-hash":"c52d2a4fefac60fbf4e5c950aac5fac2b4a57ae3"},"sourceUploadUrl":"https://storage.googleapis.com/uploads-491507907536.us-central1.cloudfunctions.appspot.com/e891f645-34e5-4531-aa5e-f8747c50f466.zip","environmentVariables":{"FIREBASE_CONFIG":"{\"projectId\":\"expense-a4a50\",\"storageBucket\":\"expense-a4a50.firebasestorage.app\"}","GCLOUD_PROJECT":"expense-a4a50","EVENTARC_CLOUD_EVENT_SOURCE":"projects/expense-a4a50/locations/us-central1/functions/blockUserByIdV1"},"runtime":"nodejs20","ingressSettings":"ALLOW_ALL","buildId":"04e00cd0-c9f9-4525-9410-615a231b7666","buildEnvironmentVariables":{"GOOGLE_NODE_RUN_SCRIPTS":""},"buildName":"projects/558048247089/locations/us-central1/builds/04e00cd0-c9f9-4525-9410-615a231b7666","dockerRegistry":"ARTIFACT_REGISTRY","automaticUpdatePolicy":{},"buildServiceAccount":"projects/expense-a4a50/serviceAccounts/558048247089-compute@developer.gserviceaccount.com","satisfiesPzi":true},{"name":"projects/expense-a4a50/locations/us-central1/functions/setAdminBaseManually","httpsTrigger":{"url":"https://us-central1-expense-a4a50.cloudfunctions.net/setAdminBaseManually","securityLevel":"SECURE_ALWAYS"},"status":"ACTIVE","entryPoint":"setAdminBaseManually","timeout":"60s","availableMemoryMb":256,"serviceAccountEmail":"expense-a4a50@appspot.gserviceaccount.com","updateTime":"2025-07-16T11:37:21.631657900Z","versionId":"1","labels":{"deployment-callable":"true","firebase-functions-hash":"49d44cab0a4444fc9363eb0ce2bf28f4888b0eea","deployment-tool":"cli-firebase"},"sourceUploadUrl":"https://storage.googleapis.com/uploads-491507907536.us-central1.cloudfunctions.appspot.com/dabf50cb-6bea-4107-80d7-f1ce27468bd2.zip","environmentVariables":{"FIREBASE_CONFIG":"{\"projectId\":\"expense-a4a50\",\"storageBucket\":\"expense-a4a50.firebasestorage.app\"}","GCLOUD_PROJECT":"expense-a4a50","EVENTARC_CLOUD_EVENT_SOURCE":"projects/expense-a4a50/locations/us-central1/functions/setAdminBaseManually"},"runtime":"nodejs20","ingressSettings":"ALLOW_ALL","buildId":"49fd9ade-9199-456b-88dc-ec0f35d1d604","buildEnvironmentVariables":{"GOOGLE_NODE_RUN_SCRIPTS":""},"buildName":"projects/558048247089/locations/us-central1/builds/49fd9ade-9199-456b-88dc-ec0f35d1d604","dockerRegistry":"ARTIFACT_REGISTRY","automaticUpdatePolicy":{},"buildServiceAccount":"projects/expense-a4a50/serviceAccounts/558048247089-compute@developer.gserviceaccount.com","satisfiesPzi":true},{"name":"projects/expense-a4a50/locations/us-central1/functions/autoGrantBaseAdmin","eventTrigger":{"eventType":"providers/firebase.auth/eventTypes/user.create","resource":"projects/expense-a4a50","service":"firebaseauth.googleapis.com","failurePolicy":{}},"status":"ACTIVE","entryPoint":"autoGrantBaseAdmin","timeout":"60s","availableMemoryMb":256,"serviceAccountEmail":"expense-a4a50@appspot.gserviceaccount.com","updateTime":"2025-07-16T11:28:22.411Z","versionId":"3","labels":{"deployment-tool":"cli-firebase","firebase-functions-hash":"e8e620d4a50c2f5afb8640e62b1a3c36099931af"},"sourceUploadUrl":"https://storage.googleapis.com/uploads-491507907536.us-central1.cloudfunctions.appspot.com/fabd9fe7-1cc9-4f8b-a7f9-2705379bc05e.zip","environmentVariables":{"FIREBASE_CONFIG":"{\"projectId\":\"expense-a4a50\",\"storageBucket\":\"expense-a4a50.firebasestorage.app\"}","GCLOUD_PROJECT":"expense-a4a50","EVENTARC_CLOUD_EVENT_SOURCE":"projects/expense-a4a50/locations/us-central1/functions/autoGrantBaseAdmin"},"runtime":"nodejs20","maxInstances":3000,"ingressSettings":"ALLOW_ALL","buildId":"4f770523-4774-4160-860c-00590c471560","buildEnvironmentVariables":{"GOOGLE_NODE_RUN_SCRIPTS":""},"buildName":"projects/558048247089/locations/us-central1/builds/4f770523-4774-4160-860c-00590c471560","dockerRegistry":"ARTIFACT_REGISTRY","automaticUpdatePolicy":{},"buildServiceAccount":"projects/expense-a4a50/serviceAccounts/558048247089-compute@developer.gserviceaccount.com","satisfiesPzi":true},{"name":"projects/expense-a4a50/locations/us-central1/functions/listUsers","httpsTrigger":{"url":"https://us-central1-expense-a4a50.cloudfunctions.net/listUsers","securityLevel":"SECURE_ALWAYS"},"status":"ACTIVE","entryPoint":"listUsers","timeout":"60s","availableMemoryMb":256,"serviceAccountEmail":"expense-a4a50@appspot.gserviceaccount.com","updateTime":"2025-07-16T06:54:23.932Z","versionId":"3","labels":{"firebase-functions-hash":"0fac5fb82c7fa3a6e7811d95e080e77a7d9e669b","deployment-tool":"cli-firebase","deployment-callable":"true"},"sourceUploadUrl":"https://storage.googleapis.com/uploads-491507907536.us-central1.cloudfunctions.appspot.com/f261b657-ee12-4dab-a323-1d72aa016456.zip","environmentVariables":{"FIREBASE_CONFIG":"{\"projectId\":\"expense-a4a50\",\"storageBucket\":\"expense-a4a50.firebasestorage.app\"}","GCLOUD_PROJECT":"expense-a4a50","EVENTARC_CLOUD_EVENT_SOURCE":"projects/expense-a4a50/locations/us-central1/functions/listUsers"},"runtime":"nodejs20","ingressSettings":"ALLOW_ALL","buildId":"67d69079-632d-4e75-a35e-eb1a6d7f30e4","buildEnvironmentVariables":{"GOOGLE_NODE_RUN_SCRIPTS":""},"buildName":"projects/558048247089/locations/us-central1/builds/67d69079-632d-4e75-a35e-eb1a6d7f30e4","dockerRegistry":"ARTIFACT_REGISTRY","automaticUpdatePolicy":{},"buildServiceAccount":"projects/expense-a4a50/serviceAccounts/558048247089-compute@developer.gserviceaccount.com","satisfiesPzi":true}]}
[debug] [2025-07-17T06:53:51.116Z] Checked if tokens are valid: true, expires at: 1752738823163
[debug] [2025-07-17T06:53:51.116Z] Checked if tokens are valid: true, expires at: 1752738823163
[debug] [2025-07-17T06:53:51.117Z] >>> [apiv2][query] GET https://cloudfunctions.googleapis.com/v2/projects/expense-a4a50/locations/-/functions filter=environment%3D%22GEN_2%22
[debug] [2025-07-17T06:53:51.468Z] <<< [apiv2][status] GET https://cloudfunctions.googleapis.com/v2/projects/expense-a4a50/locations/-/functions 200
[debug] [2025-07-17T06:53:51.468Z] <<< [apiv2][body] GET https://cloudfunctions.googleapis.com/v2/projects/expense-a4a50/locations/-/functions {}
[debug] [2025-07-17T06:53:51.471Z] Checked if tokens are valid: true, expires at: 1752738823163
[debug] [2025-07-17T06:53:51.471Z] Checked if tokens are valid: true, expires at: 1752738823163
[debug] [2025-07-17T06:53:51.471Z] >>> [apiv2][query] GET https://cloudresourcemanager.googleapis.com/v1/projects/expense-a4a50 [none]
[debug] [2025-07-17T06:53:51.583Z] <<< [apiv2][status] GET https://cloudresourcemanager.googleapis.com/v1/projects/expense-a4a50 200
[debug] [2025-07-17T06:53:51.584Z] <<< [apiv2][body] GET https://cloudresourcemanager.googleapis.com/v1/projects/expense-a4a50 {"projectNumber":"558048247089","projectId":"expense-a4a50","lifecycleState":"ACTIVE","name":"Expense","labels":{"firebase":"enabled","firebase-core":"disabled"},"createTime":"2025-07-01T11:36:45.156698Z"}
[debug] [2025-07-17T06:53:51.585Z] Checked if tokens are valid: true, expires at: 1752738823163
[debug] [2025-07-17T06:53:51.585Z] Checked if tokens are valid: true, expires at: 1752738823163
[debug] [2025-07-17T06:53:51.585Z] >>> [apiv2][query] POST https://cloudfunctions.googleapis.com/v1/projects/expense-a4a50/locations/us-central1/functions:generateUploadUrl [none]
[debug] [2025-07-17T06:53:51.585Z] >>> [apiv2][body] POST https://cloudfunctions.googleapis.com/v1/projects/expense-a4a50/locations/us-central1/functions:generateUploadUrl {}
[debug] [2025-07-17T06:53:52.136Z] <<< [apiv2][status] POST https://cloudfunctions.googleapis.com/v1/projects/expense-a4a50/locations/us-central1/functions:generateUploadUrl 200
[debug] [2025-07-17T06:53:52.136Z] <<< [apiv2][body] POST https://cloudfunctions.googleapis.com/v1/projects/expense-a4a50/locations/us-central1/functions:generateUploadUrl {"uploadUrl":"https://storage.googleapis.com/uploads-491507907536.us-central1.cloudfunctions.appspot.com/17f4cda3-43e3-467f-81dd-ba82908a54bc.zip?GoogleAccessId=service-558048247089@gcf-admin-robot.iam.gserviceaccount.com&Expires=1752737032&Signature=sbNRNeJlbwr%2FYmJvG9eKUz0PgK1lDhItKgIT0VGis8XLEUuBeuqp3XIJ5L7t4EMJ8PrNmvs%2FpZYRBDs8oO27Z%2B%2BEZS%2FyRCpsXbz0haURnZOR2%2BdHKobdABLDgOWaVv7L%2BpTxGMSwdqZnUCLNBdnSDBTd1tLKbYYtFuw87LZbz58nR5kKip4a4O5sBNf3mAdfqdDvcdqhif%2B%2FR0BpI26LGEfuNvnjUQ1jDwT5%2BsmV5REzU70N2G0ibC644djh2cL1OJA%2FnJcCaMYxGPbrEnToQBykRU0swKezbJQdrPCmQfIjhj%2FN0Es5vFkb9zZQhOJDoioasyhZN2t8mqU87MCytw%3D%3D"}
[debug] [2025-07-17T06:53:52.137Z] >>> [apiv2][query] PUT https://storage.googleapis.com/uploads-491507907536.us-central1.cloudfunctions.appspot.com/17f4cda3-43e3-467f-81dd-ba82908a54bc.zip GoogleAccessId=service-558048247089%40gcf-admin-robot.iam.gserviceaccount.com&Expires=1752737032&Signature=sbNRNeJlbwr%2FYmJvG9eKUz0PgK1lDhItKgIT0VGis8XLEUuBeuqp3XIJ5L7t4EMJ8PrNmvs%2FpZYRBDs8oO27Z%2B%2BEZS%2FyRCpsXbz0haURnZOR2%2BdHKobdABLDgOWaVv7L%2BpTxGMSwdqZnUCLNBdnSDBTd1tLKbYYtFuw87LZbz58nR5kKip4a4O5sBNf3mAdfqdDvcdqhif%2B%2FR0BpI26LGEfuNvnjUQ1jDwT5%2BsmV5REzU70N2G0ibC644djh2cL1OJA%2FnJcCaMYxGPbrEnToQBykRU0swKezbJQdrPCmQfIjhj%2FN0Es5vFkb9zZQhOJDoioasyhZN2t8mqU87MCytw%3D%3D
[debug] [2025-07-17T06:53:52.137Z] >>> [apiv2][body] PUT https://storage.googleapis.com/uploads-491507907536.us-central1.cloudfunctions.appspot.com/17f4cda3-43e3-467f-81dd-ba82908a54bc.zip [stream]
[debug] [2025-07-17T06:53:52.291Z] <<< [apiv2][status] PUT https://storage.googleapis.com/uploads-491507907536.us-central1.cloudfunctions.appspot.com/17f4cda3-43e3-467f-81dd-ba82908a54bc.zip 200
[debug] [2025-07-17T06:53:52.291Z] <<< [apiv2][body] PUT https://storage.googleapis.com/uploads-491507907536.us-central1.cloudfunctions.appspot.com/17f4cda3-43e3-467f-81dd-ba82908a54bc.zip [omitted]
[info] ✔  functions: functions folder uploaded successfully 
[info] i  functions: updating Node.js 20 (1st Gen) function setAdminBaseManually(us-central1)... 
[debug] [2025-07-17T06:53:52.294Z] Checked if tokens are valid: true, expires at: 1752738823163
[debug] [2025-07-17T06:53:52.294Z] Checked if tokens are valid: true, expires at: 1752738823163
[debug] [2025-07-17T06:53:52.294Z] >>> [apiv2][query] PATCH https://cloudfunctions.googleapis.com/v1/projects/expense-a4a50/locations/us-central1/functions/setAdminBaseManually updateMask=name%2CsourceUploadUrl%2CentryPoint%2Cruntime%2CdockerRegistry%2Clabels%2ChttpsTrigger.securityLevel%2CminInstances%2CmaxInstances%2CingressSettings%2CenvironmentVariables%2CserviceAccountEmail%2CavailableMemoryMb%2Ctimeout%2CvpcConnector%2CvpcConnectorEgressSettings%2CsourceToken%2CbuildEnvironmentVariables
[debug] [2025-07-17T06:53:52.294Z] >>> [apiv2][body] PATCH https://cloudfunctions.googleapis.com/v1/projects/expense-a4a50/locations/us-central1/functions/setAdminBaseManually {"name":"projects/expense-a4a50/locations/us-central1/functions/setAdminBaseManually","sourceUploadUrl":"https://storage.googleapis.com/uploads-491507907536.us-central1.cloudfunctions.appspot.com/17f4cda3-43e3-467f-81dd-ba82908a54bc.zip?GoogleAccessId=service-558048247089@gcf-admin-robot.iam.gserviceaccount.com&Expires=1752737032&Signature=sbNRNeJlbwr%2FYmJvG9eKUz0PgK1lDhItKgIT0VGis8XLEUuBeuqp3XIJ5L7t4EMJ8PrNmvs%2FpZYRBDs8oO27Z%2B%2BEZS%2FyRCpsXbz0haURnZOR2%2BdHKobdABLDgOWaVv7L%2BpTxGMSwdqZnUCLNBdnSDBTd1tLKbYYtFuw87LZbz58nR5kKip4a4O5sBNf3mAdfqdDvcdqhif%2B%2FR0BpI26LGEfuNvnjUQ1jDwT5%2BsmV5REzU70N2G0ibC644djh2cL1OJA%2FnJcCaMYxGPbrEnToQBykRU0swKezbJQdrPCmQfIjhj%2FN0Es5vFkb9zZQhOJDoioasyhZN2t8mqU87MCytw%3D%3D","entryPoint":"setAdminBaseManually","runtime":"nodejs20","dockerRegistry":"ARTIFACT_REGISTRY","labels":{"deployment-tool":"cli-firebase","deployment-callable":"true","firebase-functions-hash":"52aec711432953da44813e9bf506a22776fe82b4"},"httpsTrigger":{"securityLevel":"SECURE_ALWAYS"},"minInstances":null,"maxInstances":null,"ingressSettings":null,"environmentVariables":{"FIREBASE_CONFIG":"{\"projectId\":\"expense-a4a50\",\"storageBucket\":\"expense-a4a50.firebasestorage.app\"}","GCLOUD_PROJECT":"expense-a4a50","EVENTARC_CLOUD_EVENT_SOURCE":"projects/expense-a4a50/locations/us-central1/functions/setAdminBaseManually"},"serviceAccountEmail":null,"availableMemoryMb":256,"timeout":"60s","vpcConnector":null,"vpcConnectorEgressSettings":null,"buildEnvironmentVariables":{"GOOGLE_NODE_RUN_SCRIPTS":""}}
[debug] [2025-07-17T06:53:52.742Z] <<< [apiv2][status] PATCH https://cloudfunctions.googleapis.com/v1/projects/expense-a4a50/locations/us-central1/functions/setAdminBaseManually 200
[debug] [2025-07-17T06:53:52.743Z] <<< [apiv2][body] PATCH https://cloudfunctions.googleapis.com/v1/projects/expense-a4a50/locations/us-central1/functions/setAdminBaseManually {"name":"operations/ZXhwZW5zZS1hNGE1MC91cy1jZW50cmFsMS9zZXRBZG1pbkJhc2VNYW51YWxseS83cF9pbVhNSFZhaw","metadata":{"@type":"type.googleapis.com/google.cloud.functions.v1.OperationMetadataV1","target":"projects/expense-a4a50/locations/us-central1/functions/setAdminBaseManually","type":"UPDATE_FUNCTION","request":{"@type":"type.googleapis.com/google.cloud.functions.v1.CloudFunction","name":"projects/expense-a4a50/locations/us-central1/functions/setAdminBaseManually","httpsTrigger":{"url":"https://us-central1-expense-a4a50.cloudfunctions.net/setAdminBaseManually","securityLevel":"SECURE_ALWAYS"},"status":"ACTIVE","entryPoint":"setAdminBaseManually","timeout":"60s","availableMemoryMb":256,"updateTime":"2025-07-16T11:37:16.458Z","versionId":"1","labels":{"deployment-tool":"cli-firebase","deployment-callable":"true","firebase-functions-hash":"52aec711432953da44813e9bf506a22776fe82b4"},"sourceUploadUrl":"https://storage.googleapis.com/uploads-491507907536.us-central1.cloudfunctions.appspot.com/17f4cda3-43e3-467f-81dd-ba82908a54bc.zip?GoogleAccessId=service-558048247089@gcf-admin-robot.iam.gserviceaccount.com&Expires=1752737032&Signature=sbNRNeJlbwr%2FYmJvG9eKUz0PgK1lDhItKgIT0VGis8XLEUuBeuqp3XIJ5L7t4EMJ8PrNmvs%2FpZYRBDs8oO27Z%2B%2BEZS%2FyRCpsXbz0haURnZOR2%2BdHKobdABLDgOWaVv7L%2BpTxGMSwdqZnUCLNBdnSDBTd1tLKbYYtFuw87LZbz58nR5kKip4a4O5sBNf3mAdfqdDvcdqhif%2B%2FR0BpI26LGEfuNvnjUQ1jDwT5%2BsmV5REzU70N2G0ibC644djh2cL1OJA%2FnJcCaMYxGPbrEnToQBykRU0swKezbJQdrPCmQfIjhj%2FN0Es5vFkb9zZQhOJDoioasyhZN2t8mqU87MCytw%3D%3D","environmentVariables":{"FIREBASE_CONFIG":"{\"projectId\":\"expense-a4a50\",\"storageBucket\":\"expense-a4a50.firebasestorage.app\"}","GCLOUD_PROJECT":"expense-a4a50","EVENTARC_CLOUD_EVENT_SOURCE":"projects/expense-a4a50/locations/us-central1/functions/setAdminBaseManually"},"runtime":"nodejs20","buildId":"49fd9ade-9199-456b-88dc-ec0f35d1d604","buildEnvironmentVariables":{"GOOGLE_NODE_RUN_SCRIPTS":""},"buildName":"projects/558048247089/locations/us-central1/builds/49fd9ade-9199-456b-88dc-ec0f35d1d604","dockerRegistry":"ARTIFACT_REGISTRY","automaticUpdatePolicy":{},"buildServiceAccount":"projects/expense-a4a50/serviceAccounts/558048247089-compute@developer.gserviceaccount.com"},"versionId":"2","updateTime":"2025-07-17T06:53:52Z"}}
[debug] [2025-07-17T06:53:52.743Z] Checked if tokens are valid: true, expires at: 1752738823163
[debug] [2025-07-17T06:53:52.743Z] Checked if tokens are valid: true, expires at: 1752738823163
[debug] [2025-07-17T06:53:52.743Z] >>> [apiv2][query] GET https://cloudfunctions.googleapis.com/v1/operations/ZXhwZW5zZS1hNGE1MC91cy1jZW50cmFsMS9zZXRBZG1pbkJhc2VNYW51YWxseS83cF9pbVhNSFZhaw [none]
[debug] [2025-07-17T06:53:52.886Z] <<< [apiv2][status] GET https://cloudfunctions.googleapis.com/v1/operations/ZXhwZW5zZS1hNGE1MC91cy1jZW50cmFsMS9zZXRBZG1pbkJhc2VNYW51YWxseS83cF9pbVhNSFZhaw 200
[debug] [2025-07-17T06:53:52.886Z] <<< [apiv2][body] GET https://cloudfunctions.googleapis.com/v1/operations/ZXhwZW5zZS1hNGE1MC91cy1jZW50cmFsMS9zZXRBZG1pbkJhc2VNYW51YWxseS83cF9pbVhNSFZhaw {"name":"operations/ZXhwZW5zZS1hNGE1MC91cy1jZW50cmFsMS9zZXRBZG1pbkJhc2VNYW51YWxseS83cF9pbVhNSFZhaw","metadata":{"@type":"type.googleapis.com/google.cloud.functions.v1.OperationMetadataV1","target":"projects/expense-a4a50/locations/us-central1/functions/setAdminBaseManually","type":"UPDATE_FUNCTION","request":{"@type":"type.googleapis.com/google.cloud.functions.v1.CloudFunction","name":"projects/expense-a4a50/locations/us-central1/functions/setAdminBaseManually","httpsTrigger":{"url":"https://us-central1-expense-a4a50.cloudfunctions.net/setAdminBaseManually","securityLevel":"SECURE_ALWAYS"},"status":"ACTIVE","entryPoint":"setAdminBaseManually","timeout":"60s","availableMemoryMb":256,"updateTime":"2025-07-16T11:37:16.458Z","versionId":"1","labels":{"deployment-tool":"cli-firebase","deployment-callable":"true","firebase-functions-hash":"52aec711432953da44813e9bf506a22776fe82b4"},"sourceUploadUrl":"https://storage.googleapis.com/uploads-491507907536.us-central1.cloudfunctions.appspot.com/17f4cda3-43e3-467f-81dd-ba82908a54bc.zip?GoogleAccessId=service-558048247089@gcf-admin-robot.iam.gserviceaccount.com&Expires=1752737032&Signature=sbNRNeJlbwr%2FYmJvG9eKUz0PgK1lDhItKgIT0VGis8XLEUuBeuqp3XIJ5L7t4EMJ8PrNmvs%2FpZYRBDs8oO27Z%2B%2BEZS%2FyRCpsXbz0haURnZOR2%2BdHKobdABLDgOWaVv7L%2BpTxGMSwdqZnUCLNBdnSDBTd1tLKbYYtFuw87LZbz58nR5kKip4a4O5sBNf3mAdfqdDvcdqhif%2B%2FR0BpI26LGEfuNvnjUQ1jDwT5%2BsmV5REzU70N2G0ibC644djh2cL1OJA%2FnJcCaMYxGPbrEnToQBykRU0swKezbJQdrPCmQfIjhj%2FN0Es5vFkb9zZQhOJDoioasyhZN2t8mqU87MCytw%3D%3D","environmentVariables":{"FIREBASE_CONFIG":"{\"projectId\":\"expense-a4a50\",\"storageBucket\":\"expense-a4a50.firebasestorage.app\"}","GCLOUD_PROJECT":"expense-a4a50","EVENTARC_CLOUD_EVENT_SOURCE":"projects/expense-a4a50/locations/us-central1/functions/setAdminBaseManually"},"runtime":"nodejs20","buildId":"49fd9ade-9199-456b-88dc-ec0f35d1d604","buildEnvironmentVariables":{"GOOGLE_NODE_RUN_SCRIPTS":""},"buildName":"projects/558048247089/locations/us-central1/builds/49fd9ade-9199-456b-88dc-ec0f35d1d604","dockerRegistry":"ARTIFACT_REGISTRY","automaticUpdatePolicy":{},"buildServiceAccount":"projects/expense-a4a50/serviceAccounts/558048247089-compute@developer.gserviceaccount.com"},"versionId":"2","updateTime":"2025-07-17T06:53:52Z"}}
[debug] [2025-07-17T06:53:53.387Z] [update-default-us-central1-setAdminBaseManually] Retrying task index 0
[debug] [2025-07-17T06:53:53.388Z] Checked if tokens are valid: true, expires at: 1752738823163
[debug] [2025-07-17T06:53:53.388Z] Checked if tokens are valid: true, expires at: 1752738823163
[debug] [2025-07-17T06:53:53.388Z] >>> [apiv2][query] GET https://cloudfunctions.googleapis.com/v1/operations/ZXhwZW5zZS1hNGE1MC91cy1jZW50cmFsMS9zZXRBZG1pbkJhc2VNYW51YWxseS83cF9pbVhNSFZhaw [none]
[debug] [2025-07-17T06:53:53.523Z] <<< [apiv2][status] GET https://cloudfunctions.googleapis.com/v1/operations/ZXhwZW5zZS1hNGE1MC91cy1jZW50cmFsMS9zZXRBZG1pbkJhc2VNYW51YWxseS83cF9pbVhNSFZhaw 200
[debug] [2025-07-17T06:53:53.523Z] <<< [apiv2][body] GET https://cloudfunctions.googleapis.com/v1/operations/ZXhwZW5zZS1hNGE1MC91cy1jZW50cmFsMS9zZXRBZG1pbkJhc2VNYW51YWxseS83cF9pbVhNSFZhaw {"name":"operations/ZXhwZW5zZS1hNGE1MC91cy1jZW50cmFsMS9zZXRBZG1pbkJhc2VNYW51YWxseS83cF9pbVhNSFZhaw","metadata":{"@type":"type.googleapis.com/google.cloud.functions.v1.OperationMetadataV1","target":"projects/expense-a4a50/locations/us-central1/functions/setAdminBaseManually","type":"UPDATE_FUNCTION","request":{"@type":"type.googleapis.com/google.cloud.functions.v1.CloudFunction","name":"projects/expense-a4a50/locations/us-central1/functions/setAdminBaseManually","httpsTrigger":{"url":"https://us-central1-expense-a4a50.cloudfunctions.net/setAdminBaseManually","securityLevel":"SECURE_ALWAYS"},"status":"ACTIVE","entryPoint":"setAdminBaseManually","timeout":"60s","availableMemoryMb":256,"updateTime":"2025-07-16T11:37:16.458Z","versionId":"1","labels":{"deployment-tool":"cli-firebase","deployment-callable":"true","firebase-functions-hash":"52aec711432953da44813e9bf506a22776fe82b4"},"sourceUploadUrl":"https://storage.googleapis.com/uploads-491507907536.us-central1.cloudfunctions.appspot.com/17f4cda3-43e3-467f-81dd-ba82908a54bc.zip?GoogleAccessId=service-558048247089@gcf-admin-robot.iam.gserviceaccount.com&Expires=1752737032&Signature=sbNRNeJlbwr%2FYmJvG9eKUz0PgK1lDhItKgIT0VGis8XLEUuBeuqp3XIJ5L7t4EMJ8PrNmvs%2FpZYRBDs8oO27Z%2B%2BEZS%2FyRCpsXbz0haURnZOR2%2BdHKobdABLDgOWaVv7L%2BpTxGMSwdqZnUCLNBdnSDBTd1tLKbYYtFuw87LZbz58nR5kKip4a4O5sBNf3mAdfqdDvcdqhif%2B%2FR0BpI26LGEfuNvnjUQ1jDwT5%2BsmV5REzU70N2G0ibC644djh2cL1OJA%2FnJcCaMYxGPbrEnToQBykRU0swKezbJQdrPCmQfIjhj%2FN0Es5vFkb9zZQhOJDoioasyhZN2t8mqU87MCytw%3D%3D","environmentVariables":{"FIREBASE_CONFIG":"{\"projectId\":\"expense-a4a50\",\"storageBucket\":\"expense-a4a50.firebasestorage.app\"}","GCLOUD_PROJECT":"expense-a4a50","EVENTARC_CLOUD_EVENT_SOURCE":"projects/expense-a4a50/locations/us-central1/functions/setAdminBaseManually"},"runtime":"nodejs20","buildId":"49fd9ade-9199-456b-88dc-ec0f35d1d604","buildEnvironmentVariables":{"GOOGLE_NODE_RUN_SCRIPTS":""},"buildName":"projects/558048247089/locations/us-central1/builds/49fd9ade-9199-456b-88dc-ec0f35d1d604","dockerRegistry":"ARTIFACT_REGISTRY","automaticUpdatePolicy":{},"buildServiceAccount":"projects/expense-a4a50/serviceAccounts/558048247089-compute@developer.gserviceaccount.com"},"versionId":"2","updateTime":"2025-07-17T06:53:52Z"}}
[debug] [2025-07-17T06:53:54.524Z] [update-default-us-central1-setAdminBaseManually] Retrying task index 0
[debug] [2025-07-17T06:53:54.524Z] Checked if tokens are valid: true, expires at: 1752738823163
[debug] [2025-07-17T06:53:54.524Z] Checked if tokens are valid: true, expires at: 1752738823163
[debug] [2025-07-17T06:53:54.524Z] >>> [apiv2][query] GET https://cloudfunctions.googleapis.com/v1/operations/ZXhwZW5zZS1hNGE1MC91cy1jZW50cmFsMS9zZXRBZG1pbkJhc2VNYW51YWxseS83cF9pbVhNSFZhaw [none]
[debug] [2025-07-17T06:53:54.621Z] <<< [apiv2][status] GET https://cloudfunctions.googleapis.com/v1/operations/ZXhwZW5zZS1hNGE1MC91cy1jZW50cmFsMS9zZXRBZG1pbkJhc2VNYW51YWxseS83cF9pbVhNSFZhaw 200
[debug] [2025-07-17T06:53:54.621Z] <<< [apiv2][body] GET https://cloudfunctions.googleapis.com/v1/operations/ZXhwZW5zZS1hNGE1MC91cy1jZW50cmFsMS9zZXRBZG1pbkJhc2VNYW51YWxseS83cF9pbVhNSFZhaw {"name":"operations/ZXhwZW5zZS1hNGE1MC91cy1jZW50cmFsMS9zZXRBZG1pbkJhc2VNYW51YWxseS83cF9pbVhNSFZhaw","metadata":{"@type":"type.googleapis.com/google.cloud.functions.v1.OperationMetadataV1","target":"projects/expense-a4a50/locations/us-central1/functions/setAdminBaseManually","type":"UPDATE_FUNCTION","request":{"@type":"type.googleapis.com/google.cloud.functions.v1.CloudFunction","name":"projects/expense-a4a50/locations/us-central1/functions/setAdminBaseManually","httpsTrigger":{"url":"https://us-central1-expense-a4a50.cloudfunctions.net/setAdminBaseManually","securityLevel":"SECURE_ALWAYS"},"status":"ACTIVE","entryPoint":"setAdminBaseManually","timeout":"60s","availableMemoryMb":256,"updateTime":"2025-07-16T11:37:16.458Z","versionId":"1","labels":{"deployment-tool":"cli-firebase","deployment-callable":"true","firebase-functions-hash":"52aec711432953da44813e9bf506a22776fe82b4"},"sourceUploadUrl":"https://storage.googleapis.com/uploads-491507907536.us-central1.cloudfunctions.appspot.com/17f4cda3-43e3-467f-81dd-ba82908a54bc.zip?GoogleAccessId=service-558048247089@gcf-admin-robot.iam.gserviceaccount.com&Expires=1752737032&Signature=sbNRNeJlbwr%2FYmJvG9eKUz0PgK1lDhItKgIT0VGis8XLEUuBeuqp3XIJ5L7t4EMJ8PrNmvs%2FpZYRBDs8oO27Z%2B%2BEZS%2FyRCpsXbz0haURnZOR2%2BdHKobdABLDgOWaVv7L%2BpTxGMSwdqZnUCLNBdnSDBTd1tLKbYYtFuw87LZbz58nR5kKip4a4O5sBNf3mAdfqdDvcdqhif%2B%2FR0BpI26LGEfuNvnjUQ1jDwT5%2BsmV5REzU70N2G0ibC644djh2cL1OJA%2FnJcCaMYxGPbrEnToQBykRU0swKezbJQdrPCmQfIjhj%2FN0Es5vFkb9zZQhOJDoioasyhZN2t8mqU87MCytw%3D%3D","environmentVariables":{"FIREBASE_CONFIG":"{\"projectId\":\"expense-a4a50\",\"storageBucket\":\"expense-a4a50.firebasestorage.app\"}","GCLOUD_PROJECT":"expense-a4a50","EVENTARC_CLOUD_EVENT_SOURCE":"projects/expense-a4a50/locations/us-central1/functions/setAdminBaseManually"},"runtime":"nodejs20","buildId":"49fd9ade-9199-456b-88dc-ec0f35d1d604","buildEnvironmentVariables":{"GOOGLE_NODE_RUN_SCRIPTS":""},"buildName":"projects/558048247089/locations/us-central1/builds/49fd9ade-9199-456b-88dc-ec0f35d1d604","dockerRegistry":"ARTIFACT_REGISTRY","automaticUpdatePolicy":{},"buildServiceAccount":"projects/expense-a4a50/serviceAccounts/558048247089-compute@developer.gserviceaccount.com"},"versionId":"2","updateTime":"2025-07-17T06:53:52Z","buildId":"f32f1fc7-c041-4487-bd9e-994c6930d639","buildName":"projects/558048247089/locations/us-central1/builds/f32f1fc7-c041-4487-bd9e-994c6930d639"}}
[debug] [2025-07-17T06:53:56.621Z] [update-default-us-central1-setAdminBaseManually] Retrying task index 0
[debug] [2025-07-17T06:53:56.621Z] Checked if tokens are valid: true, expires at: 1752738823163
[debug] [2025-07-17T06:53:56.621Z] Checked if tokens are valid: true, expires at: 1752738823163
[debug] [2025-07-17T06:53:56.621Z] >>> [apiv2][query] GET https://cloudfunctions.googleapis.com/v1/operations/ZXhwZW5zZS1hNGE1MC91cy1jZW50cmFsMS9zZXRBZG1pbkJhc2VNYW51YWxseS83cF9pbVhNSFZhaw [none]
[debug] [2025-07-17T06:53:56.719Z] <<< [apiv2][status] GET https://cloudfunctions.googleapis.com/v1/operations/ZXhwZW5zZS1hNGE1MC91cy1jZW50cmFsMS9zZXRBZG1pbkJhc2VNYW51YWxseS83cF9pbVhNSFZhaw 200
[debug] [2025-07-17T06:53:56.719Z] <<< [apiv2][body] GET https://cloudfunctions.googleapis.com/v1/operations/ZXhwZW5zZS1hNGE1MC91cy1jZW50cmFsMS9zZXRBZG1pbkJhc2VNYW51YWxseS83cF9pbVhNSFZhaw {"name":"operations/ZXhwZW5zZS1hNGE1MC91cy1jZW50cmFsMS9zZXRBZG1pbkJhc2VNYW51YWxseS83cF9pbVhNSFZhaw","metadata":{"@type":"type.googleapis.com/google.cloud.functions.v1.OperationMetadataV1","target":"projects/expense-a4a50/locations/us-central1/functions/setAdminBaseManually","type":"UPDATE_FUNCTION","request":{"@type":"type.googleapis.com/google.cloud.functions.v1.CloudFunction","name":"projects/expense-a4a50/locations/us-central1/functions/setAdminBaseManually","httpsTrigger":{"url":"https://us-central1-expense-a4a50.cloudfunctions.net/setAdminBaseManually","securityLevel":"SECURE_ALWAYS"},"status":"ACTIVE","entryPoint":"setAdminBaseManually","timeout":"60s","availableMemoryMb":256,"updateTime":"2025-07-16T11:37:16.458Z","versionId":"1","labels":{"deployment-tool":"cli-firebase","deployment-callable":"true","firebase-functions-hash":"52aec711432953da44813e9bf506a22776fe82b4"},"sourceUploadUrl":"https://storage.googleapis.com/uploads-491507907536.us-central1.cloudfunctions.appspot.com/17f4cda3-43e3-467f-81dd-ba82908a54bc.zip?GoogleAccessId=service-558048247089@gcf-admin-robot.iam.gserviceaccount.com&Expires=1752737032&Signature=sbNRNeJlbwr%2FYmJvG9eKUz0PgK1lDhItKgIT0VGis8XLEUuBeuqp3XIJ5L7t4EMJ8PrNmvs%2FpZYRBDs8oO27Z%2B%2BEZS%2FyRCpsXbz0haURnZOR2%2BdHKobdABLDgOWaVv7L%2BpTxGMSwdqZnUCLNBdnSDBTd1tLKbYYtFuw87LZbz58nR5kKip4a4O5sBNf3mAdfqdDvcdqhif%2B%2FR0BpI26LGEfuNvnjUQ1jDwT5%2BsmV5REzU70N2G0ibC644djh2cL1OJA%2FnJcCaMYxGPbrEnToQBykRU0swKezbJQdrPCmQfIjhj%2FN0Es5vFkb9zZQhOJDoioasyhZN2t8mqU87MCytw%3D%3D","environmentVariables":{"FIREBASE_CONFIG":"{\"projectId\":\"expense-a4a50\",\"storageBucket\":\"expense-a4a50.firebasestorage.app\"}","GCLOUD_PROJECT":"expense-a4a50","EVENTARC_CLOUD_EVENT_SOURCE":"projects/expense-a4a50/locations/us-central1/functions/setAdminBaseManually"},"runtime":"nodejs20","buildId":"49fd9ade-9199-456b-88dc-ec0f35d1d604","buildEnvironmentVariables":{"GOOGLE_NODE_RUN_SCRIPTS":""},"buildName":"projects/558048247089/locations/us-central1/builds/49fd9ade-9199-456b-88dc-ec0f35d1d604","dockerRegistry":"ARTIFACT_REGISTRY","automaticUpdatePolicy":{},"buildServiceAccount":"projects/expense-a4a50/serviceAccounts/558048247089-compute@developer.gserviceaccount.com"},"versionId":"2","updateTime":"2025-07-17T06:53:52Z","buildId":"f32f1fc7-c041-4487-bd9e-994c6930d639","buildName":"projects/558048247089/locations/us-central1/builds/f32f1fc7-c041-4487-bd9e-994c6930d639"}}
[debug] [2025-07-17T06:54:00.720Z] [update-default-us-central1-setAdminBaseManually] Retrying task index 0
[debug] [2025-07-17T06:54:00.720Z] Checked if tokens are valid: true, expires at: 1752738823163
[debug] [2025-07-17T06:54:00.720Z] Checked if tokens are valid: true, expires at: 1752738823163
[debug] [2025-07-17T06:54:00.720Z] >>> [apiv2][query] GET https://cloudfunctions.googleapis.com/v1/operations/ZXhwZW5zZS1hNGE1MC91cy1jZW50cmFsMS9zZXRBZG1pbkJhc2VNYW51YWxseS83cF9pbVhNSFZhaw [none]
[debug] [2025-07-17T06:54:00.817Z] <<< [apiv2][status] GET https://cloudfunctions.googleapis.com/v1/operations/ZXhwZW5zZS1hNGE1MC91cy1jZW50cmFsMS9zZXRBZG1pbkJhc2VNYW51YWxseS83cF9pbVhNSFZhaw 200
[debug] [2025-07-17T06:54:00.817Z] <<< [apiv2][body] GET https://cloudfunctions.googleapis.com/v1/operations/ZXhwZW5zZS1hNGE1MC91cy1jZW50cmFsMS9zZXRBZG1pbkJhc2VNYW51YWxseS83cF9pbVhNSFZhaw {"name":"operations/ZXhwZW5zZS1hNGE1MC91cy1jZW50cmFsMS9zZXRBZG1pbkJhc2VNYW51YWxseS83cF9pbVhNSFZhaw","metadata":{"@type":"type.googleapis.com/google.cloud.functions.v1.OperationMetadataV1","target":"projects/expense-a4a50/locations/us-central1/functions/setAdminBaseManually","type":"UPDATE_FUNCTION","request":{"@type":"type.googleapis.com/google.cloud.functions.v1.CloudFunction","name":"projects/expense-a4a50/locations/us-central1/functions/setAdminBaseManually","httpsTrigger":{"url":"https://us-central1-expense-a4a50.cloudfunctions.net/setAdminBaseManually","securityLevel":"SECURE_ALWAYS"},"status":"ACTIVE","entryPoint":"setAdminBaseManually","timeout":"60s","availableMemoryMb":256,"updateTime":"2025-07-16T11:37:16.458Z","versionId":"1","labels":{"deployment-tool":"cli-firebase","deployment-callable":"true","firebase-functions-hash":"52aec711432953da44813e9bf506a22776fe82b4"},"sourceUploadUrl":"https://storage.googleapis.com/uploads-491507907536.us-central1.cloudfunctions.appspot.com/17f4cda3-43e3-467f-81dd-ba82908a54bc.zip?GoogleAccessId=service-558048247089@gcf-admin-robot.iam.gserviceaccount.com&Expires=1752737032&Signature=sbNRNeJlbwr%2FYmJvG9eKUz0PgK1lDhItKgIT0VGis8XLEUuBeuqp3XIJ5L7t4EMJ8PrNmvs%2FpZYRBDs8oO27Z%2B%2BEZS%2FyRCpsXbz0haURnZOR2%2BdHKobdABLDgOWaVv7L%2BpTxGMSwdqZnUCLNBdnSDBTd1tLKbYYtFuw87LZbz58nR5kKip4a4O5sBNf3mAdfqdDvcdqhif%2B%2FR0BpI26LGEfuNvnjUQ1jDwT5%2BsmV5REzU70N2G0ibC644djh2cL1OJA%2FnJcCaMYxGPbrEnToQBykRU0swKezbJQdrPCmQfIjhj%2FN0Es5vFkb9zZQhOJDoioasyhZN2t8mqU87MCytw%3D%3D","environmentVariables":{"FIREBASE_CONFIG":"{\"projectId\":\"expense-a4a50\",\"storageBucket\":\"expense-a4a50.firebasestorage.app\"}","GCLOUD_PROJECT":"expense-a4a50","EVENTARC_CLOUD_EVENT_SOURCE":"projects/expense-a4a50/locations/us-central1/functions/setAdminBaseManually"},"runtime":"nodejs20","buildId":"49fd9ade-9199-456b-88dc-ec0f35d1d604","buildEnvironmentVariables":{"GOOGLE_NODE_RUN_SCRIPTS":""},"buildName":"projects/558048247089/locations/us-central1/builds/49fd9ade-9199-456b-88dc-ec0f35d1d604","dockerRegistry":"ARTIFACT_REGISTRY","automaticUpdatePolicy":{},"buildServiceAccount":"projects/expense-a4a50/serviceAccounts/558048247089-compute@developer.gserviceaccount.com"},"versionId":"2","updateTime":"2025-07-17T06:53:52Z","buildId":"f32f1fc7-c041-4487-bd9e-994c6930d639","buildName":"projects/558048247089/locations/us-central1/builds/f32f1fc7-c041-4487-bd9e-994c6930d639"}}
[debug] [2025-07-17T06:54:08.817Z] [update-default-us-central1-setAdminBaseManually] Retrying task index 0
[debug] [2025-07-17T06:54:08.817Z] Checked if tokens are valid: true, expires at: 1752738823163
[debug] [2025-07-17T06:54:08.818Z] Checked if tokens are valid: true, expires at: 1752738823163
[debug] [2025-07-17T06:54:08.818Z] >>> [apiv2][query] GET https://cloudfunctions.googleapis.com/v1/operations/ZXhwZW5zZS1hNGE1MC91cy1jZW50cmFsMS9zZXRBZG1pbkJhc2VNYW51YWxseS83cF9pbVhNSFZhaw [none]
[debug] [2025-07-17T06:54:08.957Z] <<< [apiv2][status] GET https://cloudfunctions.googleapis.com/v1/operations/ZXhwZW5zZS1hNGE1MC91cy1jZW50cmFsMS9zZXRBZG1pbkJhc2VNYW51YWxseS83cF9pbVhNSFZhaw 200
[debug] [2025-07-17T06:54:08.957Z] <<< [apiv2][body] GET https://cloudfunctions.googleapis.com/v1/operations/ZXhwZW5zZS1hNGE1MC91cy1jZW50cmFsMS9zZXRBZG1pbkJhc2VNYW51YWxseS83cF9pbVhNSFZhaw {"name":"operations/ZXhwZW5zZS1hNGE1MC91cy1jZW50cmFsMS9zZXRBZG1pbkJhc2VNYW51YWxseS83cF9pbVhNSFZhaw","metadata":{"@type":"type.googleapis.com/google.cloud.functions.v1.OperationMetadataV1","target":"projects/expense-a4a50/locations/us-central1/functions/setAdminBaseManually","type":"UPDATE_FUNCTION","request":{"@type":"type.googleapis.com/google.cloud.functions.v1.CloudFunction","name":"projects/expense-a4a50/locations/us-central1/functions/setAdminBaseManually","httpsTrigger":{"url":"https://us-central1-expense-a4a50.cloudfunctions.net/setAdminBaseManually","securityLevel":"SECURE_ALWAYS"},"status":"ACTIVE","entryPoint":"setAdminBaseManually","timeout":"60s","availableMemoryMb":256,"updateTime":"2025-07-16T11:37:16.458Z","versionId":"1","labels":{"deployment-tool":"cli-firebase","deployment-callable":"true","firebase-functions-hash":"52aec711432953da44813e9bf506a22776fe82b4"},"sourceUploadUrl":"https://storage.googleapis.com/uploads-491507907536.us-central1.cloudfunctions.appspot.com/17f4cda3-43e3-467f-81dd-ba82908a54bc.zip?GoogleAccessId=service-558048247089@gcf-admin-robot.iam.gserviceaccount.com&Expires=1752737032&Signature=sbNRNeJlbwr%2FYmJvG9eKUz0PgK1lDhItKgIT0VGis8XLEUuBeuqp3XIJ5L7t4EMJ8PrNmvs%2FpZYRBDs8oO27Z%2B%2BEZS%2FyRCpsXbz0haURnZOR2%2BdHKobdABLDgOWaVv7L%2BpTxGMSwdqZnUCLNBdnSDBTd1tLKbYYtFuw87LZbz58nR5kKip4a4O5sBNf3mAdfqdDvcdqhif%2B%2FR0BpI26LGEfuNvnjUQ1jDwT5%2BsmV5REzU70N2G0ibC644djh2cL1OJA%2FnJcCaMYxGPbrEnToQBykRU0swKezbJQdrPCmQfIjhj%2FN0Es5vFkb9zZQhOJDoioasyhZN2t8mqU87MCytw%3D%3D","environmentVariables":{"FIREBASE_CONFIG":"{\"projectId\":\"expense-a4a50\",\"storageBucket\":\"expense-a4a50.firebasestorage.app\"}","GCLOUD_PROJECT":"expense-a4a50","EVENTARC_CLOUD_EVENT_SOURCE":"projects/expense-a4a50/locations/us-central1/functions/setAdminBaseManually"},"runtime":"nodejs20","buildId":"49fd9ade-9199-456b-88dc-ec0f35d1d604","buildEnvironmentVariables":{"GOOGLE_NODE_RUN_SCRIPTS":""},"buildName":"projects/558048247089/locations/us-central1/builds/49fd9ade-9199-456b-88dc-ec0f35d1d604","dockerRegistry":"ARTIFACT_REGISTRY","automaticUpdatePolicy":{},"buildServiceAccount":"projects/expense-a4a50/serviceAccounts/558048247089-compute@developer.gserviceaccount.com"},"versionId":"2","updateTime":"2025-07-17T06:53:52Z","buildId":"f32f1fc7-c041-4487-bd9e-994c6930d639","buildName":"projects/558048247089/locations/us-central1/builds/f32f1fc7-c041-4487-bd9e-994c6930d639"}}
[debug] [2025-07-17T06:54:18.962Z] [update-default-us-central1-setAdminBaseManually] Retrying task index 0
[debug] [2025-07-17T06:54:18.963Z] Checked if tokens are valid: true, expires at: 1752738823163
[debug] [2025-07-17T06:54:18.963Z] Checked if tokens are valid: true, expires at: 1752738823163
[debug] [2025-07-17T06:54:18.963Z] >>> [apiv2][query] GET https://cloudfunctions.googleapis.com/v1/operations/ZXhwZW5zZS1hNGE1MC91cy1jZW50cmFsMS9zZXRBZG1pbkJhc2VNYW51YWxseS83cF9pbVhNSFZhaw [none]
[debug] [2025-07-17T06:54:19.063Z] <<< [apiv2][status] GET https://cloudfunctions.googleapis.com/v1/operations/ZXhwZW5zZS1hNGE1MC91cy1jZW50cmFsMS9zZXRBZG1pbkJhc2VNYW51YWxseS83cF9pbVhNSFZhaw 200
[debug] [2025-07-17T06:54:19.064Z] <<< [apiv2][body] GET https://cloudfunctions.googleapis.com/v1/operations/ZXhwZW5zZS1hNGE1MC91cy1jZW50cmFsMS9zZXRBZG1pbkJhc2VNYW51YWxseS83cF9pbVhNSFZhaw {"name":"operations/ZXhwZW5zZS1hNGE1MC91cy1jZW50cmFsMS9zZXRBZG1pbkJhc2VNYW51YWxseS83cF9pbVhNSFZhaw","metadata":{"@type":"type.googleapis.com/google.cloud.functions.v1.OperationMetadataV1","target":"projects/expense-a4a50/locations/us-central1/functions/setAdminBaseManually","type":"UPDATE_FUNCTION","request":{"@type":"type.googleapis.com/google.cloud.functions.v1.CloudFunction","name":"projects/expense-a4a50/locations/us-central1/functions/setAdminBaseManually","httpsTrigger":{"url":"https://us-central1-expense-a4a50.cloudfunctions.net/setAdminBaseManually","securityLevel":"SECURE_ALWAYS"},"status":"ACTIVE","entryPoint":"setAdminBaseManually","timeout":"60s","availableMemoryMb":256,"updateTime":"2025-07-16T11:37:16.458Z","versionId":"1","labels":{"deployment-tool":"cli-firebase","deployment-callable":"true","firebase-functions-hash":"52aec711432953da44813e9bf506a22776fe82b4"},"sourceUploadUrl":"https://storage.googleapis.com/uploads-491507907536.us-central1.cloudfunctions.appspot.com/17f4cda3-43e3-467f-81dd-ba82908a54bc.zip?GoogleAccessId=service-558048247089@gcf-admin-robot.iam.gserviceaccount.com&Expires=1752737032&Signature=sbNRNeJlbwr%2FYmJvG9eKUz0PgK1lDhItKgIT0VGis8XLEUuBeuqp3XIJ5L7t4EMJ8PrNmvs%2FpZYRBDs8oO27Z%2B%2BEZS%2FyRCpsXbz0haURnZOR2%2BdHKobdABLDgOWaVv7L%2BpTxGMSwdqZnUCLNBdnSDBTd1tLKbYYtFuw87LZbz58nR5kKip4a4O5sBNf3mAdfqdDvcdqhif%2B%2FR0BpI26LGEfuNvnjUQ1jDwT5%2BsmV5REzU70N2G0ibC644djh2cL1OJA%2FnJcCaMYxGPbrEnToQBykRU0swKezbJQdrPCmQfIjhj%2FN0Es5vFkb9zZQhOJDoioasyhZN2t8mqU87MCytw%3D%3D","environmentVariables":{"FIREBASE_CONFIG":"{\"projectId\":\"expense-a4a50\",\"storageBucket\":\"expense-a4a50.firebasestorage.app\"}","GCLOUD_PROJECT":"expense-a4a50","EVENTARC_CLOUD_EVENT_SOURCE":"projects/expense-a4a50/locations/us-central1/functions/setAdminBaseManually"},"runtime":"nodejs20","buildId":"49fd9ade-9199-456b-88dc-ec0f35d1d604","buildEnvironmentVariables":{"GOOGLE_NODE_RUN_SCRIPTS":""},"buildName":"projects/558048247089/locations/us-central1/builds/49fd9ade-9199-456b-88dc-ec0f35d1d604","dockerRegistry":"ARTIFACT_REGISTRY","automaticUpdatePolicy":{},"buildServiceAccount":"projects/expense-a4a50/serviceAccounts/558048247089-compute@developer.gserviceaccount.com"},"versionId":"2","updateTime":"2025-07-17T06:53:52Z","buildId":"f32f1fc7-c041-4487-bd9e-994c6930d639","buildName":"projects/558048247089/locations/us-central1/builds/f32f1fc7-c041-4487-bd9e-994c6930d639"}}
[debug] [2025-07-17T06:54:29.066Z] [update-default-us-central1-setAdminBaseManually] Retrying task index 0
[debug] [2025-07-17T06:54:29.066Z] Checked if tokens are valid: true, expires at: 1752738823163
[debug] [2025-07-17T06:54:29.066Z] Checked if tokens are valid: true, expires at: 1752738823163
[debug] [2025-07-17T06:54:29.066Z] >>> [apiv2][query] GET https://cloudfunctions.googleapis.com/v1/operations/ZXhwZW5zZS1hNGE1MC91cy1jZW50cmFsMS9zZXRBZG1pbkJhc2VNYW51YWxseS83cF9pbVhNSFZhaw [none]
[debug] [2025-07-17T06:54:29.179Z] <<< [apiv2][status] GET https://cloudfunctions.googleapis.com/v1/operations/ZXhwZW5zZS1hNGE1MC91cy1jZW50cmFsMS9zZXRBZG1pbkJhc2VNYW51YWxseS83cF9pbVhNSFZhaw 200
[debug] [2025-07-17T06:54:29.179Z] <<< [apiv2][body] GET https://cloudfunctions.googleapis.com/v1/operations/ZXhwZW5zZS1hNGE1MC91cy1jZW50cmFsMS9zZXRBZG1pbkJhc2VNYW51YWxseS83cF9pbVhNSFZhaw {"name":"operations/ZXhwZW5zZS1hNGE1MC91cy1jZW50cmFsMS9zZXRBZG1pbkJhc2VNYW51YWxseS83cF9pbVhNSFZhaw","metadata":{"@type":"type.googleapis.com/google.cloud.functions.v1.OperationMetadataV1","target":"projects/expense-a4a50/locations/us-central1/functions/setAdminBaseManually","type":"UPDATE_FUNCTION","request":{"@type":"type.googleapis.com/google.cloud.functions.v1.CloudFunction","name":"projects/expense-a4a50/locations/us-central1/functions/setAdminBaseManually","httpsTrigger":{"url":"https://us-central1-expense-a4a50.cloudfunctions.net/setAdminBaseManually","securityLevel":"SECURE_ALWAYS"},"status":"ACTIVE","entryPoint":"setAdminBaseManually","timeout":"60s","availableMemoryMb":256,"updateTime":"2025-07-16T11:37:16.458Z","versionId":"1","labels":{"deployment-tool":"cli-firebase","deployment-callable":"true","firebase-functions-hash":"52aec711432953da44813e9bf506a22776fe82b4"},"sourceUploadUrl":"https://storage.googleapis.com/uploads-491507907536.us-central1.cloudfunctions.appspot.com/17f4cda3-43e3-467f-81dd-ba82908a54bc.zip?GoogleAccessId=service-558048247089@gcf-admin-robot.iam.gserviceaccount.com&Expires=1752737032&Signature=sbNRNeJlbwr%2FYmJvG9eKUz0PgK1lDhItKgIT0VGis8XLEUuBeuqp3XIJ5L7t4EMJ8PrNmvs%2FpZYRBDs8oO27Z%2B%2BEZS%2FyRCpsXbz0haURnZOR2%2BdHKobdABLDgOWaVv7L%2BpTxGMSwdqZnUCLNBdnSDBTd1tLKbYYtFuw87LZbz58nR5kKip4a4O5sBNf3mAdfqdDvcdqhif%2B%2FR0BpI26LGEfuNvnjUQ1jDwT5%2BsmV5REzU70N2G0ibC644djh2cL1OJA%2FnJcCaMYxGPbrEnToQBykRU0swKezbJQdrPCmQfIjhj%2FN0Es5vFkb9zZQhOJDoioasyhZN2t8mqU87MCytw%3D%3D","environmentVariables":{"FIREBASE_CONFIG":"{\"projectId\":\"expense-a4a50\",\"storageBucket\":\"expense-a4a50.firebasestorage.app\"}","GCLOUD_PROJECT":"expense-a4a50","EVENTARC_CLOUD_EVENT_SOURCE":"projects/expense-a4a50/locations/us-central1/functions/setAdminBaseManually"},"runtime":"nodejs20","buildId":"49fd9ade-9199-456b-88dc-ec0f35d1d604","buildEnvironmentVariables":{"GOOGLE_NODE_RUN_SCRIPTS":""},"buildName":"projects/558048247089/locations/us-central1/builds/49fd9ade-9199-456b-88dc-ec0f35d1d604","dockerRegistry":"ARTIFACT_REGISTRY","automaticUpdatePolicy":{},"buildServiceAccount":"projects/expense-a4a50/serviceAccounts/558048247089-compute@developer.gserviceaccount.com"},"versionId":"2","updateTime":"2025-07-17T06:53:52Z","buildId":"f32f1fc7-c041-4487-bd9e-994c6930d639","buildName":"projects/558048247089/locations/us-central1/builds/f32f1fc7-c041-4487-bd9e-994c6930d639"}}
[debug] [2025-07-17T06:54:39.184Z] [update-default-us-central1-setAdminBaseManually] Retrying task index 0
[debug] [2025-07-17T06:54:39.184Z] Checked if tokens are valid: true, expires at: 1752738823163
[debug] [2025-07-17T06:54:39.184Z] Checked if tokens are valid: true, expires at: 1752738823163
[debug] [2025-07-17T06:54:39.184Z] >>> [apiv2][query] GET https://cloudfunctions.googleapis.com/v1/operations/ZXhwZW5zZS1hNGE1MC91cy1jZW50cmFsMS9zZXRBZG1pbkJhc2VNYW51YWxseS83cF9pbVhNSFZhaw [none]
[debug] [2025-07-17T06:54:39.292Z] <<< [apiv2][status] GET https://cloudfunctions.googleapis.com/v1/operations/ZXhwZW5zZS1hNGE1MC91cy1jZW50cmFsMS9zZXRBZG1pbkJhc2VNYW51YWxseS83cF9pbVhNSFZhaw 200
[debug] [2025-07-17T06:54:39.292Z] <<< [apiv2][body] GET https://cloudfunctions.googleapis.com/v1/operations/ZXhwZW5zZS1hNGE1MC91cy1jZW50cmFsMS9zZXRBZG1pbkJhc2VNYW51YWxseS83cF9pbVhNSFZhaw {"name":"operations/ZXhwZW5zZS1hNGE1MC91cy1jZW50cmFsMS9zZXRBZG1pbkJhc2VNYW51YWxseS83cF9pbVhNSFZhaw","metadata":{"@type":"type.googleapis.com/google.cloud.functions.v1.OperationMetadataV1","target":"projects/expense-a4a50/locations/us-central1/functions/setAdminBaseManually","type":"UPDATE_FUNCTION","request":{"@type":"type.googleapis.com/google.cloud.functions.v1.CloudFunction","name":"projects/expense-a4a50/locations/us-central1/functions/setAdminBaseManually","httpsTrigger":{"url":"https://us-central1-expense-a4a50.cloudfunctions.net/setAdminBaseManually","securityLevel":"SECURE_ALWAYS"},"status":"ACTIVE","entryPoint":"setAdminBaseManually","timeout":"60s","availableMemoryMb":256,"updateTime":"2025-07-16T11:37:16.458Z","versionId":"1","labels":{"deployment-tool":"cli-firebase","deployment-callable":"true","firebase-functions-hash":"52aec711432953da44813e9bf506a22776fe82b4"},"sourceUploadUrl":"https://storage.googleapis.com/uploads-491507907536.us-central1.cloudfunctions.appspot.com/17f4cda3-43e3-467f-81dd-ba82908a54bc.zip?GoogleAccessId=service-558048247089@gcf-admin-robot.iam.gserviceaccount.com&Expires=1752737032&Signature=sbNRNeJlbwr%2FYmJvG9eKUz0PgK1lDhItKgIT0VGis8XLEUuBeuqp3XIJ5L7t4EMJ8PrNmvs%2FpZYRBDs8oO27Z%2B%2BEZS%2FyRCpsXbz0haURnZOR2%2BdHKobdABLDgOWaVv7L%2BpTxGMSwdqZnUCLNBdnSDBTd1tLKbYYtFuw87LZbz58nR5kKip4a4O5sBNf3mAdfqdDvcdqhif%2B%2FR0BpI26LGEfuNvnjUQ1jDwT5%2BsmV5REzU70N2G0ibC644djh2cL1OJA%2FnJcCaMYxGPbrEnToQBykRU0swKezbJQdrPCmQfIjhj%2FN0Es5vFkb9zZQhOJDoioasyhZN2t8mqU87MCytw%3D%3D","environmentVariables":{"FIREBASE_CONFIG":"{\"projectId\":\"expense-a4a50\",\"storageBucket\":\"expense-a4a50.firebasestorage.app\"}","GCLOUD_PROJECT":"expense-a4a50","EVENTARC_CLOUD_EVENT_SOURCE":"projects/expense-a4a50/locations/us-central1/functions/setAdminBaseManually"},"runtime":"nodejs20","buildId":"49fd9ade-9199-456b-88dc-ec0f35d1d604","buildEnvironmentVariables":{"GOOGLE_NODE_RUN_SCRIPTS":""},"buildName":"projects/558048247089/locations/us-central1/builds/49fd9ade-9199-456b-88dc-ec0f35d1d604","dockerRegistry":"ARTIFACT_REGISTRY","automaticUpdatePolicy":{},"buildServiceAccount":"projects/expense-a4a50/serviceAccounts/558048247089-compute@developer.gserviceaccount.com"},"versionId":"2","updateTime":"2025-07-17T06:53:52Z","buildId":"f32f1fc7-c041-4487-bd9e-994c6930d639","buildName":"projects/558048247089/locations/us-central1/builds/f32f1fc7-c041-4487-bd9e-994c6930d639"}}
[debug] [2025-07-17T06:54:49.297Z] [update-default-us-central1-setAdminBaseManually] Retrying task index 0
[debug] [2025-07-17T06:54:49.298Z] Checked if tokens are valid: true, expires at: 1752738823163
[debug] [2025-07-17T06:54:49.298Z] Checked if tokens are valid: true, expires at: 1752738823163
[debug] [2025-07-17T06:54:49.298Z] >>> [apiv2][query] GET https://cloudfunctions.googleapis.com/v1/operations/ZXhwZW5zZS1hNGE1MC91cy1jZW50cmFsMS9zZXRBZG1pbkJhc2VNYW51YWxseS83cF9pbVhNSFZhaw [none]
[debug] [2025-07-17T06:54:49.418Z] <<< [apiv2][status] GET https://cloudfunctions.googleapis.com/v1/operations/ZXhwZW5zZS1hNGE1MC91cy1jZW50cmFsMS9zZXRBZG1pbkJhc2VNYW51YWxseS83cF9pbVhNSFZhaw 200
[debug] [2025-07-17T06:54:49.419Z] <<< [apiv2][body] GET https://cloudfunctions.googleapis.com/v1/operations/ZXhwZW5zZS1hNGE1MC91cy1jZW50cmFsMS9zZXRBZG1pbkJhc2VNYW51YWxseS83cF9pbVhNSFZhaw {"name":"operations/ZXhwZW5zZS1hNGE1MC91cy1jZW50cmFsMS9zZXRBZG1pbkJhc2VNYW51YWxseS83cF9pbVhNSFZhaw","metadata":{"@type":"type.googleapis.com/google.cloud.functions.v1.OperationMetadataV1","target":"projects/expense-a4a50/locations/us-central1/functions/setAdminBaseManually","type":"UPDATE_FUNCTION","request":{"@type":"type.googleapis.com/google.cloud.functions.v1.CloudFunction","name":"projects/expense-a4a50/locations/us-central1/functions/setAdminBaseManually","httpsTrigger":{"url":"https://us-central1-expense-a4a50.cloudfunctions.net/setAdminBaseManually","securityLevel":"SECURE_ALWAYS"},"status":"ACTIVE","entryPoint":"setAdminBaseManually","timeout":"60s","availableMemoryMb":256,"updateTime":"2025-07-16T11:37:16.458Z","versionId":"1","labels":{"deployment-tool":"cli-firebase","deployment-callable":"true","firebase-functions-hash":"52aec711432953da44813e9bf506a22776fe82b4"},"sourceUploadUrl":"https://storage.googleapis.com/uploads-491507907536.us-central1.cloudfunctions.appspot.com/17f4cda3-43e3-467f-81dd-ba82908a54bc.zip?GoogleAccessId=service-558048247089@gcf-admin-robot.iam.gserviceaccount.com&Expires=1752737032&Signature=sbNRNeJlbwr%2FYmJvG9eKUz0PgK1lDhItKgIT0VGis8XLEUuBeuqp3XIJ5L7t4EMJ8PrNmvs%2FpZYRBDs8oO27Z%2B%2BEZS%2FyRCpsXbz0haURnZOR2%2BdHKobdABLDgOWaVv7L%2BpTxGMSwdqZnUCLNBdnSDBTd1tLKbYYtFuw87LZbz58nR5kKip4a4O5sBNf3mAdfqdDvcdqhif%2B%2FR0BpI26LGEfuNvnjUQ1jDwT5%2BsmV5REzU70N2G0ibC644djh2cL1OJA%2FnJcCaMYxGPbrEnToQBykRU0swKezbJQdrPCmQfIjhj%2FN0Es5vFkb9zZQhOJDoioasyhZN2t8mqU87MCytw%3D%3D","environmentVariables":{"FIREBASE_CONFIG":"{\"projectId\":\"expense-a4a50\",\"storageBucket\":\"expense-a4a50.firebasestorage.app\"}","GCLOUD_PROJECT":"expense-a4a50","EVENTARC_CLOUD_EVENT_SOURCE":"projects/expense-a4a50/locations/us-central1/functions/setAdminBaseManually"},"runtime":"nodejs20","buildId":"49fd9ade-9199-456b-88dc-ec0f35d1d604","buildEnvironmentVariables":{"GOOGLE_NODE_RUN_SCRIPTS":""},"buildName":"projects/558048247089/locations/us-central1/builds/49fd9ade-9199-456b-88dc-ec0f35d1d604","dockerRegistry":"ARTIFACT_REGISTRY","automaticUpdatePolicy":{},"buildServiceAccount":"projects/expense-a4a50/serviceAccounts/558048247089-compute@developer.gserviceaccount.com"},"versionId":"2","updateTime":"2025-07-17T06:53:52Z","buildId":"f32f1fc7-c041-4487-bd9e-994c6930d639","sourceToken":"099a420b-e359-4386-b3d6-f9f08f4549c8","buildName":"projects/558048247089/locations/us-central1/builds/f32f1fc7-c041-4487-bd9e-994c6930d639"}}
[debug] [2025-07-17T06:54:49.419Z] Got source token 099a420b-e359-4386-b3d6-f9f08f4549c8 for region us-central1
[debug] [2025-07-17T06:54:59.424Z] [update-default-us-central1-setAdminBaseManually] Retrying task index 0
[debug] [2025-07-17T06:54:59.424Z] Checked if tokens are valid: true, expires at: 1752738823163
[debug] [2025-07-17T06:54:59.424Z] Checked if tokens are valid: true, expires at: 1752738823163
[debug] [2025-07-17T06:54:59.425Z] >>> [apiv2][query] GET https://cloudfunctions.googleapis.com/v1/operations/ZXhwZW5zZS1hNGE1MC91cy1jZW50cmFsMS9zZXRBZG1pbkJhc2VNYW51YWxseS83cF9pbVhNSFZhaw [none]
[debug] [2025-07-17T06:54:59.531Z] <<< [apiv2][status] GET https://cloudfunctions.googleapis.com/v1/operations/ZXhwZW5zZS1hNGE1MC91cy1jZW50cmFsMS9zZXRBZG1pbkJhc2VNYW51YWxseS83cF9pbVhNSFZhaw 200
[debug] [2025-07-17T06:54:59.531Z] <<< [apiv2][body] GET https://cloudfunctions.googleapis.com/v1/operations/ZXhwZW5zZS1hNGE1MC91cy1jZW50cmFsMS9zZXRBZG1pbkJhc2VNYW51YWxseS83cF9pbVhNSFZhaw {"name":"operations/ZXhwZW5zZS1hNGE1MC91cy1jZW50cmFsMS9zZXRBZG1pbkJhc2VNYW51YWxseS83cF9pbVhNSFZhaw","metadata":{"@type":"type.googleapis.com/google.cloud.functions.v1.OperationMetadataV1","target":"projects/expense-a4a50/locations/us-central1/functions/setAdminBaseManually","type":"UPDATE_FUNCTION","request":{"@type":"type.googleapis.com/google.cloud.functions.v1.CloudFunction","name":"projects/expense-a4a50/locations/us-central1/functions/setAdminBaseManually","httpsTrigger":{"url":"https://us-central1-expense-a4a50.cloudfunctions.net/setAdminBaseManually","securityLevel":"SECURE_ALWAYS"},"status":"ACTIVE","entryPoint":"setAdminBaseManually","timeout":"60s","availableMemoryMb":256,"updateTime":"2025-07-16T11:37:16.458Z","versionId":"1","labels":{"deployment-tool":"cli-firebase","deployment-callable":"true","firebase-functions-hash":"52aec711432953da44813e9bf506a22776fe82b4"},"sourceUploadUrl":"https://storage.googleapis.com/uploads-491507907536.us-central1.cloudfunctions.appspot.com/17f4cda3-43e3-467f-81dd-ba82908a54bc.zip?GoogleAccessId=service-558048247089@gcf-admin-robot.iam.gserviceaccount.com&Expires=1752737032&Signature=sbNRNeJlbwr%2FYmJvG9eKUz0PgK1lDhItKgIT0VGis8XLEUuBeuqp3XIJ5L7t4EMJ8PrNmvs%2FpZYRBDs8oO27Z%2B%2BEZS%2FyRCpsXbz0haURnZOR2%2BdHKobdABLDgOWaVv7L%2BpTxGMSwdqZnUCLNBdnSDBTd1tLKbYYtFuw87LZbz58nR5kKip4a4O5sBNf3mAdfqdDvcdqhif%2B%2FR0BpI26LGEfuNvnjUQ1jDwT5%2BsmV5REzU70N2G0ibC644djh2cL1OJA%2FnJcCaMYxGPbrEnToQBykRU0swKezbJQdrPCmQfIjhj%2FN0Es5vFkb9zZQhOJDoioasyhZN2t8mqU87MCytw%3D%3D","environmentVariables":{"FIREBASE_CONFIG":"{\"projectId\":\"expense-a4a50\",\"storageBucket\":\"expense-a4a50.firebasestorage.app\"}","GCLOUD_PROJECT":"expense-a4a50","EVENTARC_CLOUD_EVENT_SOURCE":"projects/expense-a4a50/locations/us-central1/functions/setAdminBaseManually"},"runtime":"nodejs20","buildId":"49fd9ade-9199-456b-88dc-ec0f35d1d604","buildEnvironmentVariables":{"GOOGLE_NODE_RUN_SCRIPTS":""},"buildName":"projects/558048247089/locations/us-central1/builds/49fd9ade-9199-456b-88dc-ec0f35d1d604","dockerRegistry":"ARTIFACT_REGISTRY","automaticUpdatePolicy":{},"buildServiceAccount":"projects/expense-a4a50/serviceAccounts/558048247089-compute@developer.gserviceaccount.com"},"versionId":"2","updateTime":"2025-07-17T06:53:52Z","buildId":"f32f1fc7-c041-4487-bd9e-994c6930d639","sourceToken":"099a420b-e359-4386-b3d6-f9f08f4549c8","buildName":"projects/558048247089/locations/us-central1/builds/f32f1fc7-c041-4487-bd9e-994c6930d639"}}
[debug] [2025-07-17T06:54:59.531Z] Got source token 099a420b-e359-4386-b3d6-f9f08f4549c8 for region us-central1
[debug] [2025-07-17T06:55:09.535Z] [update-default-us-central1-setAdminBaseManually] Retrying task index 0
[debug] [2025-07-17T06:55:09.535Z] Checked if tokens are valid: true, expires at: 1752738823163
[debug] [2025-07-17T06:55:09.535Z] Checked if tokens are valid: true, expires at: 1752738823163
[debug] [2025-07-17T06:55:09.536Z] >>> [apiv2][query] GET https://cloudfunctions.googleapis.com/v1/operations/ZXhwZW5zZS1hNGE1MC91cy1jZW50cmFsMS9zZXRBZG1pbkJhc2VNYW51YWxseS83cF9pbVhNSFZhaw [none]
[debug] [2025-07-17T06:55:09.652Z] <<< [apiv2][status] GET https://cloudfunctions.googleapis.com/v1/operations/ZXhwZW5zZS1hNGE1MC91cy1jZW50cmFsMS9zZXRBZG1pbkJhc2VNYW51YWxseS83cF9pbVhNSFZhaw 200
[debug] [2025-07-17T06:55:09.652Z] <<< [apiv2][body] GET https://cloudfunctions.googleapis.com/v1/operations/ZXhwZW5zZS1hNGE1MC91cy1jZW50cmFsMS9zZXRBZG1pbkJhc2VNYW51YWxseS83cF9pbVhNSFZhaw {"name":"operations/ZXhwZW5zZS1hNGE1MC91cy1jZW50cmFsMS9zZXRBZG1pbkJhc2VNYW51YWxseS83cF9pbVhNSFZhaw","metadata":{"@type":"type.googleapis.com/google.cloud.functions.v1.OperationMetadataV1","target":"projects/expense-a4a50/locations/us-central1/functions/setAdminBaseManually","type":"UPDATE_FUNCTION","request":{"@type":"type.googleapis.com/google.cloud.functions.v1.CloudFunction","name":"projects/expense-a4a50/locations/us-central1/functions/setAdminBaseManually","httpsTrigger":{"url":"https://us-central1-expense-a4a50.cloudfunctions.net/setAdminBaseManually","securityLevel":"SECURE_ALWAYS"},"status":"ACTIVE","entryPoint":"setAdminBaseManually","timeout":"60s","availableMemoryMb":256,"updateTime":"2025-07-16T11:37:16.458Z","versionId":"1","labels":{"deployment-tool":"cli-firebase","deployment-callable":"true","firebase-functions-hash":"52aec711432953da44813e9bf506a22776fe82b4"},"sourceUploadUrl":"https://storage.googleapis.com/uploads-491507907536.us-central1.cloudfunctions.appspot.com/17f4cda3-43e3-467f-81dd-ba82908a54bc.zip?GoogleAccessId=service-558048247089@gcf-admin-robot.iam.gserviceaccount.com&Expires=1752737032&Signature=sbNRNeJlbwr%2FYmJvG9eKUz0PgK1lDhItKgIT0VGis8XLEUuBeuqp3XIJ5L7t4EMJ8PrNmvs%2FpZYRBDs8oO27Z%2B%2BEZS%2FyRCpsXbz0haURnZOR2%2BdHKobdABLDgOWaVv7L%2BpTxGMSwdqZnUCLNBdnSDBTd1tLKbYYtFuw87LZbz58nR5kKip4a4O5sBNf3mAdfqdDvcdqhif%2B%2FR0BpI26LGEfuNvnjUQ1jDwT5%2BsmV5REzU70N2G0ibC644djh2cL1OJA%2FnJcCaMYxGPbrEnToQBykRU0swKezbJQdrPCmQfIjhj%2FN0Es5vFkb9zZQhOJDoioasyhZN2t8mqU87MCytw%3D%3D","environmentVariables":{"FIREBASE_CONFIG":"{\"projectId\":\"expense-a4a50\",\"storageBucket\":\"expense-a4a50.firebasestorage.app\"}","GCLOUD_PROJECT":"expense-a4a50","EVENTARC_CLOUD_EVENT_SOURCE":"projects/expense-a4a50/locations/us-central1/functions/setAdminBaseManually"},"runtime":"nodejs20","buildId":"49fd9ade-9199-456b-88dc-ec0f35d1d604","buildEnvironmentVariables":{"GOOGLE_NODE_RUN_SCRIPTS":""},"buildName":"projects/558048247089/locations/us-central1/builds/49fd9ade-9199-456b-88dc-ec0f35d1d604","dockerRegistry":"ARTIFACT_REGISTRY","automaticUpdatePolicy":{},"buildServiceAccount":"projects/expense-a4a50/serviceAccounts/558048247089-compute@developer.gserviceaccount.com"},"versionId":"2","updateTime":"2025-07-17T06:53:52Z","buildId":"f32f1fc7-c041-4487-bd9e-994c6930d639","sourceToken":"099a420b-e359-4386-b3d6-f9f08f4549c8","buildName":"projects/558048247089/locations/us-central1/builds/f32f1fc7-c041-4487-bd9e-994c6930d639"}}
[debug] [2025-07-17T06:55:09.653Z] Got source token 099a420b-e359-4386-b3d6-f9f08f4549c8 for region us-central1
[debug] [2025-07-17T06:55:19.657Z] [update-default-us-central1-setAdminBaseManually] Retrying task index 0
[debug] [2025-07-17T06:55:19.658Z] Checked if tokens are valid: true, expires at: 1752738823163
[debug] [2025-07-17T06:55:19.658Z] Checked if tokens are valid: true, expires at: 1752738823163
[debug] [2025-07-17T06:55:19.658Z] >>> [apiv2][query] GET https://cloudfunctions.googleapis.com/v1/operations/ZXhwZW5zZS1hNGE1MC91cy1jZW50cmFsMS9zZXRBZG1pbkJhc2VNYW51YWxseS83cF9pbVhNSFZhaw [none]
[debug] [2025-07-17T06:55:19.805Z] <<< [apiv2][status] GET https://cloudfunctions.googleapis.com/v1/operations/ZXhwZW5zZS1hNGE1MC91cy1jZW50cmFsMS9zZXRBZG1pbkJhc2VNYW51YWxseS83cF9pbVhNSFZhaw 200
[debug] [2025-07-17T06:55:19.805Z] <<< [apiv2][body] GET https://cloudfunctions.googleapis.com/v1/operations/ZXhwZW5zZS1hNGE1MC91cy1jZW50cmFsMS9zZXRBZG1pbkJhc2VNYW51YWxseS83cF9pbVhNSFZhaw {"name":"operations/ZXhwZW5zZS1hNGE1MC91cy1jZW50cmFsMS9zZXRBZG1pbkJhc2VNYW51YWxseS83cF9pbVhNSFZhaw","metadata":{"@type":"type.googleapis.com/google.cloud.functions.v1.OperationMetadataV1","target":"projects/expense-a4a50/locations/us-central1/functions/setAdminBaseManually","type":"UPDATE_FUNCTION","request":{"@type":"type.googleapis.com/google.cloud.functions.v1.CloudFunction","name":"projects/expense-a4a50/locations/us-central1/functions/setAdminBaseManually","httpsTrigger":{"url":"https://us-central1-expense-a4a50.cloudfunctions.net/setAdminBaseManually","securityLevel":"SECURE_ALWAYS"},"status":"ACTIVE","entryPoint":"setAdminBaseManually","timeout":"60s","availableMemoryMb":256,"updateTime":"2025-07-16T11:37:16.458Z","versionId":"1","labels":{"deployment-tool":"cli-firebase","deployment-callable":"true","firebase-functions-hash":"52aec711432953da44813e9bf506a22776fe82b4"},"sourceUploadUrl":"https://storage.googleapis.com/uploads-491507907536.us-central1.cloudfunctions.appspot.com/17f4cda3-43e3-467f-81dd-ba82908a54bc.zip?GoogleAccessId=service-558048247089@gcf-admin-robot.iam.gserviceaccount.com&Expires=1752737032&Signature=sbNRNeJlbwr%2FYmJvG9eKUz0PgK1lDhItKgIT0VGis8XLEUuBeuqp3XIJ5L7t4EMJ8PrNmvs%2FpZYRBDs8oO27Z%2B%2BEZS%2FyRCpsXbz0haURnZOR2%2BdHKobdABLDgOWaVv7L%2BpTxGMSwdqZnUCLNBdnSDBTd1tLKbYYtFuw87LZbz58nR5kKip4a4O5sBNf3mAdfqdDvcdqhif%2B%2FR0BpI26LGEfuNvnjUQ1jDwT5%2BsmV5REzU70N2G0ibC644djh2cL1OJA%2FnJcCaMYxGPbrEnToQBykRU0swKezbJQdrPCmQfIjhj%2FN0Es5vFkb9zZQhOJDoioasyhZN2t8mqU87MCytw%3D%3D","environmentVariables":{"FIREBASE_CONFIG":"{\"projectId\":\"expense-a4a50\",\"storageBucket\":\"expense-a4a50.firebasestorage.app\"}","GCLOUD_PROJECT":"expense-a4a50","EVENTARC_CLOUD_EVENT_SOURCE":"projects/expense-a4a50/locations/us-central1/functions/setAdminBaseManually"},"runtime":"nodejs20","buildId":"49fd9ade-9199-456b-88dc-ec0f35d1d604","buildEnvironmentVariables":{"GOOGLE_NODE_RUN_SCRIPTS":""},"buildName":"projects/558048247089/locations/us-central1/builds/49fd9ade-9199-456b-88dc-ec0f35d1d604","dockerRegistry":"ARTIFACT_REGISTRY","automaticUpdatePolicy":{},"buildServiceAccount":"projects/expense-a4a50/serviceAccounts/558048247089-compute@developer.gserviceaccount.com"},"versionId":"2","updateTime":"2025-07-17T06:53:52Z","buildId":"f32f1fc7-c041-4487-bd9e-994c6930d639","sourceToken":"099a420b-e359-4386-b3d6-f9f08f4549c8","buildName":"projects/558048247089/locations/us-central1/builds/f32f1fc7-c041-4487-bd9e-994c6930d639"}}
[debug] [2025-07-17T06:55:19.805Z] Got source token 099a420b-e359-4386-b3d6-f9f08f4549c8 for region us-central1
[debug] [2025-07-17T06:55:29.807Z] [update-default-us-central1-setAdminBaseManually] Retrying task index 0
[debug] [2025-07-17T06:55:29.808Z] Checked if tokens are valid: true, expires at: 1752738823163
[debug] [2025-07-17T06:55:29.808Z] Checked if tokens are valid: true, expires at: 1752738823163
[debug] [2025-07-17T06:55:29.808Z] >>> [apiv2][query] GET https://cloudfunctions.googleapis.com/v1/operations/ZXhwZW5zZS1hNGE1MC91cy1jZW50cmFsMS9zZXRBZG1pbkJhc2VNYW51YWxseS83cF9pbVhNSFZhaw [none]
[debug] [2025-07-17T06:55:29.940Z] <<< [apiv2][status] GET https://cloudfunctions.googleapis.com/v1/operations/ZXhwZW5zZS1hNGE1MC91cy1jZW50cmFsMS9zZXRBZG1pbkJhc2VNYW51YWxseS83cF9pbVhNSFZhaw 200
[debug] [2025-07-17T06:55:29.940Z] <<< [apiv2][body] GET https://cloudfunctions.googleapis.com/v1/operations/ZXhwZW5zZS1hNGE1MC91cy1jZW50cmFsMS9zZXRBZG1pbkJhc2VNYW51YWxseS83cF9pbVhNSFZhaw {"name":"operations/ZXhwZW5zZS1hNGE1MC91cy1jZW50cmFsMS9zZXRBZG1pbkJhc2VNYW51YWxseS83cF9pbVhNSFZhaw","metadata":{"@type":"type.googleapis.com/google.cloud.functions.v1.OperationMetadataV1","target":"projects/expense-a4a50/locations/us-central1/functions/setAdminBaseManually","type":"UPDATE_FUNCTION","request":{"@type":"type.googleapis.com/google.cloud.functions.v1.CloudFunction","name":"projects/expense-a4a50/locations/us-central1/functions/setAdminBaseManually","httpsTrigger":{"url":"https://us-central1-expense-a4a50.cloudfunctions.net/setAdminBaseManually","securityLevel":"SECURE_ALWAYS"},"status":"ACTIVE","entryPoint":"setAdminBaseManually","timeout":"60s","availableMemoryMb":256,"updateTime":"2025-07-16T11:37:16.458Z","versionId":"1","labels":{"deployment-tool":"cli-firebase","deployment-callable":"true","firebase-functions-hash":"52aec711432953da44813e9bf506a22776fe82b4"},"sourceUploadUrl":"https://storage.googleapis.com/uploads-491507907536.us-central1.cloudfunctions.appspot.com/17f4cda3-43e3-467f-81dd-ba82908a54bc.zip?GoogleAccessId=service-558048247089@gcf-admin-robot.iam.gserviceaccount.com&Expires=1752737032&Signature=sbNRNeJlbwr%2FYmJvG9eKUz0PgK1lDhItKgIT0VGis8XLEUuBeuqp3XIJ5L7t4EMJ8PrNmvs%2FpZYRBDs8oO27Z%2B%2BEZS%2FyRCpsXbz0haURnZOR2%2BdHKobdABLDgOWaVv7L%2BpTxGMSwdqZnUCLNBdnSDBTd1tLKbYYtFuw87LZbz58nR5kKip4a4O5sBNf3mAdfqdDvcdqhif%2B%2FR0BpI26LGEfuNvnjUQ1jDwT5%2BsmV5REzU70N2G0ibC644djh2cL1OJA%2FnJcCaMYxGPbrEnToQBykRU0swKezbJQdrPCmQfIjhj%2FN0Es5vFkb9zZQhOJDoioasyhZN2t8mqU87MCytw%3D%3D","environmentVariables":{"FIREBASE_CONFIG":"{\"projectId\":\"expense-a4a50\",\"storageBucket\":\"expense-a4a50.firebasestorage.app\"}","GCLOUD_PROJECT":"expense-a4a50","EVENTARC_CLOUD_EVENT_SOURCE":"projects/expense-a4a50/locations/us-central1/functions/setAdminBaseManually"},"runtime":"nodejs20","buildId":"49fd9ade-9199-456b-88dc-ec0f35d1d604","buildEnvironmentVariables":{"GOOGLE_NODE_RUN_SCRIPTS":""},"buildName":"projects/558048247089/locations/us-central1/builds/49fd9ade-9199-456b-88dc-ec0f35d1d604","dockerRegistry":"ARTIFACT_REGISTRY","automaticUpdatePolicy":{},"buildServiceAccount":"projects/expense-a4a50/serviceAccounts/558048247089-compute@developer.gserviceaccount.com"},"versionId":"2","updateTime":"2025-07-17T06:53:52Z","buildId":"f32f1fc7-c041-4487-bd9e-994c6930d639","sourceToken":"099a420b-e359-4386-b3d6-f9f08f4549c8","buildName":"projects/558048247089/locations/us-central1/builds/f32f1fc7-c041-4487-bd9e-994c6930d639"}}
[debug] [2025-07-17T06:55:29.940Z] Got source token 099a420b-e359-4386-b3d6-f9f08f4549c8 for region us-central1
